{"numFailedTestSuites":1,"numFailedTests":1,"numPassedTestSuites":14,"numPassedTests":44,"numPendingTestSuites":0,"numPendingTests":0,"numRuntimeErrorTestSuites":0,"numTodoTests":0,"numTotalTestSuites":15,"numTotalTests":45,"openHandles":[],"snapshot":{"added":0,"didUpdate":false,"failure":false,"filesAdded":0,"filesRemoved":0,"filesRemovedList":[],"filesUnmatched":0,"filesUpdated":0,"matched":0,"total":0,"unchecked":0,"uncheckedKeysByFile":[],"unmatched":0,"updated":0},"startTime":1765281018350,"success":false,"testResults":[{"assertionResults":[{"ancestorTitles":["SendPackageScreen flow"],"duration":474,"failureDetails":[],"failureMessages":[],"fullName":"SendPackageScreen flow size selection and validation error","invocations":1,"location":null,"numPassingAsserts":0,"retryReasons":[],"status":"passed","title":"size selection and validation error"},{"ancestorTitles":["SendPackageScreen flow"],"duration":11,"failureDetails":[{}],"failureMessages":["Error: Found multiple elements with placeholder: Address \n    at Object.getByPlaceholderText (C:\\Users\\hp\\Documents\\Oladinno's Codes\\ErrandFront\\src\\__tests__\\SendPackageScreen.flow.test.tsx:29:26)\n    at Promise.then.completed (C:\\Users\\hp\\Documents\\Oladinno's Codes\\ErrandFront\\node_modules\\jest-circus\\build\\utils.js:298:28)\n    at new Promise (<anonymous>)\n    at callAsyncCircusFn (C:\\Users\\hp\\Documents\\Oladinno's Codes\\ErrandFront\\node_modules\\jest-circus\\build\\utils.js:231:10)\n    at _callCircusTest (C:\\Users\\hp\\Documents\\Oladinno's Codes\\ErrandFront\\node_modules\\jest-circus\\build\\run.js:316:40)\n    at _runTest (C:\\Users\\hp\\Documents\\Oladinno's Codes\\ErrandFront\\node_modules\\jest-circus\\build\\run.js:252:3)\n    at _runTestsForDescribeBlock (C:\\Users\\hp\\Documents\\Oladinno's Codes\\ErrandFront\\node_modules\\jest-circus\\build\\run.js:126:9)\n    at _runTestsForDescribeBlock (C:\\Users\\hp\\Documents\\Oladinno's Codes\\ErrandFront\\node_modules\\jest-circus\\build\\run.js:121:9)\n    at run (C:\\Users\\hp\\Documents\\Oladinno's Codes\\ErrandFront\\node_modules\\jest-circus\\build\\run.js:71:3)\n    at runAndTransformResultsToJestFormat (C:\\Users\\hp\\Documents\\Oladinno's Codes\\ErrandFront\\node_modules\\jest-circus\\build\\legacy-code-todo-rewrite\\jestAdapterInit.js:122:21)\n    at jestAdapter (C:\\Users\\hp\\Documents\\Oladinno's Codes\\ErrandFront\\node_modules\\jest-circus\\build\\legacy-code-todo-rewrite\\jestAdapter.js:79:19)\n    at runTestInternal (C:\\Users\\hp\\Documents\\Oladinno's Codes\\ErrandFront\\node_modules\\jest-runner\\build\\runTest.js:367:16)\n    at runTest (C:\\Users\\hp\\Documents\\Oladinno's Codes\\ErrandFront\\node_modules\\jest-runner\\build\\runTest.js:444:34)"],"fullName":"SendPackageScreen flow fills form and navigates to Checkout with draft params","invocations":1,"location":null,"numPassingAsserts":0,"retryReasons":[],"status":"failed","title":"fills form and navigates to Checkout with draft params"}],"endTime":1765281020483,"message":"\u001b[1m\u001b[31m  \u001b[1m● \u001b[22m\u001b[1mSendPackageScreen flow › fills form and navigates to Checkout with draft params\u001b[39m\u001b[22m\n\n    Found multiple elements with placeholder: Address\n\u001b[2m\u001b[22m\n\u001b[2m    \u001b[0m \u001b[90m 27 |\u001b[39m   test(\u001b[32m'fills form and navigates to Checkout with draft params'\u001b[39m\u001b[33m,\u001b[39m () \u001b[33m=>\u001b[39m {\u001b[22m\n\u001b[2m     \u001b[90m 28 |\u001b[39m     \u001b[36mconst\u001b[39m { getByPlaceholderText\u001b[33m,\u001b[39m getByLabelText } \u001b[33m=\u001b[39m render(\u001b[33m<\u001b[39m\u001b[33mSendPackageScreen\u001b[39m \u001b[33m/\u001b[39m\u001b[33m>\u001b[39m)\u001b[33m;\u001b[39m\u001b[22m\n\u001b[2m    \u001b[31m\u001b[1m>\u001b[22m\u001b[2m\u001b[39m\u001b[90m 29 |\u001b[39m     fireEvent\u001b[33m.\u001b[39mchangeText(getByPlaceholderText(\u001b[32m'Address'\u001b[39m)\u001b[33m,\u001b[39m \u001b[32m'A'\u001b[39m)\u001b[33m;\u001b[39m\u001b[22m\n\u001b[2m     \u001b[90m    |\u001b[39m                          \u001b[31m\u001b[1m^\u001b[22m\u001b[2m\u001b[39m\u001b[22m\n\u001b[2m     \u001b[90m 30 |\u001b[39m     fireEvent\u001b[33m.\u001b[39mchangeText(getByPlaceholderText(\u001b[32m'Contact Name'\u001b[39m)\u001b[33m,\u001b[39m \u001b[32m'B'\u001b[39m)\u001b[33m;\u001b[39m\u001b[22m\n\u001b[2m     \u001b[90m 31 |\u001b[39m     fireEvent\u001b[33m.\u001b[39mchangeText(getByPlaceholderText(\u001b[32m'Contact Phone'\u001b[39m)\u001b[33m,\u001b[39m \u001b[32m'09000000000'\u001b[39m)\u001b[33m;\u001b[39m\u001b[22m\n\u001b[2m     \u001b[90m 32 |\u001b[39m     fireEvent\u001b[33m.\u001b[39mchangeText(getByPlaceholderText(\u001b[32m'Address'\u001b[39m)\u001b[33m,\u001b[39m \u001b[32m'C'\u001b[39m)\u001b[33m;\u001b[39m\u001b[0m\u001b[22m\n\u001b[2m\u001b[22m\n\u001b[2m      \u001b[2mat Object.getByPlaceholderText (\u001b[22m\u001b[2m\u001b[0m\u001b[36msrc/__tests__/SendPackageScreen.flow.test.tsx\u001b[39m\u001b[0m\u001b[2m:29:26)\u001b[22m\u001b[2m\u001b[22m\n","name":"C:\\Users\\hp\\Documents\\Oladinno's Codes\\ErrandFront\\src\\__tests__\\SendPackageScreen.flow.test.tsx","startTime":1765281018571,"status":"failed","summary":""},{"assertionResults":[{"ancestorTitles":["Mock API endpoints"],"duration":534,"failureDetails":[],"failureMessages":[],"fullName":"Mock API endpoints POST /api/v1/order success","invocations":1,"location":null,"numPassingAsserts":4,"retryReasons":[],"status":"passed","title":"POST /api/v1/order success"},{"ancestorTitles":["Mock API endpoints"],"duration":516,"failureDetails":[],"failureMessages":[],"fullName":"Mock API endpoints POST /api/v1/order invalid input -> 400","invocations":1,"location":null,"numPassingAsserts":2,"retryReasons":[],"status":"passed","title":"POST /api/v1/order invalid input -> 400"},{"ancestorTitles":["Mock API endpoints"],"duration":3,"failureDetails":[],"failureMessages":[],"fullName":"Mock API endpoints POST /api/v1/order unauthorized -> 401","invocations":1,"location":null,"numPassingAsserts":1,"retryReasons":[],"status":"passed","title":"POST /api/v1/order unauthorized -> 401"},{"ancestorTitles":["Mock API endpoints"],"duration":326,"failureDetails":[],"failureMessages":[],"fullName":"Mock API endpoints GET /api/v1/orders/:id success","invocations":1,"location":null,"numPassingAsserts":3,"retryReasons":[],"status":"passed","title":"GET /api/v1/orders/:id success"},{"ancestorTitles":["Mock API endpoints"],"duration":2,"failureDetails":[],"failureMessages":[],"fullName":"Mock API endpoints GET /api/v1/orders/:id invalid id -> 400","invocations":1,"location":null,"numPassingAsserts":1,"retryReasons":[],"status":"passed","title":"GET /api/v1/orders/:id invalid id -> 400"},{"ancestorTitles":["Mock API endpoints"],"duration":314,"failureDetails":[],"failureMessages":[],"fullName":"Mock API endpoints GET /api/v1/orders/:id not found -> 404","invocations":1,"location":null,"numPassingAsserts":1,"retryReasons":[],"status":"passed","title":"GET /api/v1/orders/:id not found -> 404"},{"ancestorTitles":["Mock API endpoints"],"duration":3,"failureDetails":[],"failureMessages":[],"fullName":"Mock API endpoints GET /api/v1/orders/:id forbidden -> 403","invocations":1,"location":null,"numPassingAsserts":1,"retryReasons":[],"status":"passed","title":"GET /api/v1/orders/:id forbidden -> 403"},{"ancestorTitles":["Mock API endpoints"],"duration":311,"failureDetails":[],"failureMessages":[],"fullName":"Mock API endpoints GET /api/v1/orders/:id db unavailable -> 503","invocations":1,"location":null,"numPassingAsserts":1,"retryReasons":[],"status":"passed","title":"GET /api/v1/orders/:id db unavailable -> 503"},{"ancestorTitles":["Mock API endpoints"],"duration":313,"failureDetails":[],"failureMessages":[],"fullName":"Mock API endpoints Rate limit 429","invocations":1,"location":null,"numPassingAsserts":1,"retryReasons":[],"status":"passed","title":"Rate limit 429"}],"endTime":1765281022924,"message":"","name":"C:\\Users\\hp\\Documents\\Oladinno's Codes\\ErrandFront\\src\\__tests__\\api.mocks.test.tsx","startTime":1765281020500,"status":"passed","summary":""},{"assertionResults":[{"ancestorTitles":["OrderTrackingScreen visual elements"],"duration":138,"failureDetails":[],"failureMessages":[],"fullName":"OrderTrackingScreen visual elements renders map and shows current stage with ETA and OrderID","invocations":1,"location":null,"numPassingAsserts":5,"retryReasons":[],"status":"passed","title":"renders map and shows current stage with ETA and OrderID"},{"ancestorTitles":["OrderTrackingScreen transitions and actions"],"duration":25,"failureDetails":[],"failureMessages":[],"fullName":"OrderTrackingScreen transitions and actions cycles to transit and shows rider section","invocations":1,"location":null,"numPassingAsserts":3,"retryReasons":[],"status":"passed","title":"cycles to transit and shows rider section"},{"ancestorTitles":["OrderTrackingScreen transitions and actions"],"duration":38,"failureDetails":[],"failureMessages":[],"fullName":"OrderTrackingScreen transitions and actions call action is disabled when phone invalid","invocations":1,"location":null,"numPassingAsserts":1,"retryReasons":[],"status":"passed","title":"call action is disabled when phone invalid"},{"ancestorTitles":["OrderTrackingScreen transitions and actions"],"duration":33,"failureDetails":[],"failureMessages":[],"fullName":"OrderTrackingScreen transitions and actions cycles to delivered and shows delivered text","invocations":1,"location":null,"numPassingAsserts":1,"retryReasons":[],"status":"passed","title":"cycles to delivered and shows delivered text"},{"ancestorTitles":["OrderTrackingScreen transitions and actions"],"duration":60,"failureDetails":[],"failureMessages":[],"fullName":"OrderTrackingScreen transitions and actions cycles to created and shows sent to store text","invocations":1,"location":null,"numPassingAsserts":1,"retryReasons":[],"status":"passed","title":"cycles to created and shows sent to store text"},{"ancestorTitles":["OrderTrackingScreen transitions and actions"],"duration":13,"failureDetails":[],"failureMessages":[],"fullName":"OrderTrackingScreen transitions and actions summary button navigates to RecentOrders","invocations":1,"location":null,"numPassingAsserts":1,"retryReasons":[],"status":"passed","title":"summary button navigates to RecentOrders"}],"endTime":1765281023526,"message":"","name":"C:\\Users\\hp\\Documents\\Oladinno's Codes\\ErrandFront\\src\\__tests__\\OrderTrackingScreen.test.tsx","startTime":1765281022935,"status":"passed","summary":""},{"assertionResults":[{"ancestorTitles":["HomeScreen navigation"],"duration":205,"failureDetails":[],"failureMessages":[],"fullName":"HomeScreen navigation service buttons navigate to My Jobs and Send a Package","invocations":1,"location":null,"numPassingAsserts":2,"retryReasons":[],"status":"passed","title":"service buttons navigate to My Jobs and Send a Package"},{"ancestorTitles":["HomeScreen navigation"],"duration":17,"failureDetails":[],"failureMessages":[],"fullName":"HomeScreen navigation Padi FAB opens Chat Detail and selects thread","invocations":1,"location":null,"numPassingAsserts":2,"retryReasons":[],"status":"passed","title":"Padi FAB opens Chat Detail and selects thread"},{"ancestorTitles":["HomeScreen navigation"],"duration":55,"failureDetails":[],"failureMessages":[],"fullName":"HomeScreen navigation filter buttons toggle selection style","invocations":1,"location":null,"numPassingAsserts":0,"retryReasons":[],"status":"passed","title":"filter buttons toggle selection style"}],"endTime":1765281024185,"message":"","name":"C:\\Users\\hp\\Documents\\Oladinno's Codes\\ErrandFront\\src\\__tests__\\HomeScreen.navigation.test.tsx","startTime":1765281023549,"status":"passed","summary":""},{"assertionResults":[{"ancestorTitles":["CheckoutScreen map helpers"],"duration":1,"failureDetails":[],"failureMessages":[],"fullName":"CheckoutScreen map helpers xyToCoordinate maps to region bounds","invocations":1,"location":null,"numPassingAsserts":4,"retryReasons":[],"status":"passed","title":"xyToCoordinate maps to region bounds"},{"ancestorTitles":["CheckoutScreen map helpers"],"duration":1,"failureDetails":[],"failureMessages":[],"fullName":"CheckoutScreen map helpers coordinateToXY inverts xyToCoordinate","invocations":1,"location":null,"numPassingAsserts":2,"retryReasons":[],"status":"passed","title":"coordinateToXY inverts xyToCoordinate"},{"ancestorTitles":["CheckoutScreen map helpers"],"duration":1,"failureDetails":[],"failureMessages":[],"fullName":"CheckoutScreen map helpers computePOIs returns Home and Food Court markers","invocations":1,"location":null,"numPassingAsserts":4,"retryReasons":[],"status":"passed","title":"computePOIs returns Home and Food Court markers"}],"endTime":1765281024617,"message":"","name":"C:\\Users\\hp\\Documents\\Oladinno's Codes\\ErrandFront\\src\\__tests__\\CheckoutScreen.map.test.tsx","startTime":1765281024191,"status":"passed","summary":""},{"assertionResults":[{"ancestorTitles":["OrderTrackingScreen interactions"],"duration":87,"failureDetails":[],"failureMessages":[],"fullName":"OrderTrackingScreen interactions long press Help advances status and updates store","invocations":1,"location":null,"numPassingAsserts":2,"retryReasons":[],"status":"passed","title":"long press Help advances status and updates store"},{"ancestorTitles":["OrderTrackingScreen interactions"],"duration":32,"failureDetails":[],"failureMessages":[],"fullName":"OrderTrackingScreen interactions chat and call buttons disabled when rider info unavailable","invocations":1,"location":null,"numPassingAsserts":1,"retryReasons":[],"status":"passed","title":"chat and call buttons disabled when rider info unavailable"},{"ancestorTitles":["OrderTrackingScreen interactions"],"duration":30,"failureDetails":[],"failureMessages":[],"fullName":"OrderTrackingScreen interactions polling shows error state on network failure","invocations":1,"location":null,"numPassingAsserts":1,"retryReasons":[],"status":"passed","title":"polling shows error state on network failure"}],"endTime":1765281025018,"message":"","name":"C:\\Users\\hp\\Documents\\Oladinno's Codes\\ErrandFront\\src\\__tests__\\OrderTrackingScreen.interactions.test.tsx","startTime":1765281024638,"status":"passed","summary":""},{"assertionResults":[{"ancestorTitles":["CheckoutScreen track order"],"duration":62,"failureDetails":[],"failureMessages":[],"fullName":"CheckoutScreen track order navigates to OrderTracking after Pay and pressing Track Order","invocations":1,"location":null,"numPassingAsserts":1,"retryReasons":[],"status":"passed","title":"navigates to OrderTracking after Pay and pressing Track Order"}],"endTime":1765281025384,"message":"","name":"C:\\Users\\hp\\Documents\\Oladinno's Codes\\ErrandFront\\src\\__tests__\\CheckoutScreen.track-order.test.tsx","startTime":1765281025025,"status":"passed","summary":""},{"assertionResults":[{"ancestorTitles":["SavedScreen cards grid"],"duration":84,"failureDetails":[],"failureMessages":[],"fullName":"SavedScreen cards grid renders restaurants grid with cards and supports actions","invocations":1,"location":null,"numPassingAsserts":3,"retryReasons":[],"status":"passed","title":"renders restaurants grid with cards and supports actions"},{"ancestorTitles":["SavedScreen cards grid"],"duration":20,"failureDetails":[],"failureMessages":[],"fullName":"SavedScreen cards grid collections grid renders and supports unsave","invocations":1,"location":null,"numPassingAsserts":2,"retryReasons":[],"status":"passed","title":"collections grid renders and supports unsave"},{"ancestorTitles":["SavedScreen cards grid"],"duration":21,"failureDetails":[],"failureMessages":[],"fullName":"SavedScreen cards grid jobs grid renders and activate/unsave works","invocations":1,"location":null,"numPassingAsserts":3,"retryReasons":[],"status":"passed","title":"jobs grid renders and activate/unsave works"}],"endTime":1765281025765,"message":"","name":"C:\\Users\\hp\\Documents\\Oladinno's Codes\\ErrandFront\\src\\__tests__\\SavedScreen.cards-grid.test.tsx","startTime":1765281025391,"status":"passed","summary":""},{"assertionResults":[{"ancestorTitles":["MessagesListScreen navigation and filters"],"duration":81,"failureDetails":[],"failureMessages":[],"fullName":"MessagesListScreen navigation and filters Back navigates to Home","invocations":1,"location":null,"numPassingAsserts":1,"retryReasons":[],"status":"passed","title":"Back navigates to Home"},{"ancestorTitles":["MessagesListScreen navigation and filters"],"duration":11,"failureDetails":[],"failureMessages":[],"fullName":"MessagesListScreen navigation and filters Open chat navigates to Chat Detail and selects thread","invocations":1,"location":null,"numPassingAsserts":2,"retryReasons":[],"status":"passed","title":"Open chat navigates to Chat Detail and selects thread"},{"ancestorTitles":["MessagesListScreen navigation and filters"],"duration":31,"failureDetails":[],"failureMessages":[],"fullName":"MessagesListScreen navigation and filters Filters adjust list","invocations":1,"location":null,"numPassingAsserts":0,"retryReasons":[],"status":"passed","title":"Filters adjust list"}],"endTime":1765281026125,"message":"","name":"C:\\Users\\hp\\Documents\\Oladinno's Codes\\ErrandFront\\src\\__tests__\\MessagesList.navigation.test.tsx","startTime":1765281025771,"status":"passed","summary":""},{"assertionResults":[{"ancestorTitles":["ChatDetailScreen dark mode"],"duration":67,"failureDetails":[],"failureMessages":[],"fullName":"ChatDetailScreen dark mode renders partner and user bubbles and text is readable","invocations":1,"location":null,"numPassingAsserts":3,"retryReasons":[],"status":"passed","title":"renders partner and user bubbles and text is readable"},{"ancestorTitles":["ChatDetailScreen dark mode"],"duration":15,"failureDetails":[],"failureMessages":[],"fullName":"ChatDetailScreen dark mode send button disabled when input empty and sends message when filled","invocations":1,"location":null,"numPassingAsserts":2,"retryReasons":[],"status":"passed","title":"send button disabled when input empty and sends message when filled"},{"ancestorTitles":["ChatDetailScreen dark mode"],"duration":7,"failureDetails":[],"failureMessages":[],"fullName":"ChatDetailScreen dark mode marks thread as read when unreadCount > 0","invocations":1,"location":null,"numPassingAsserts":1,"retryReasons":[],"status":"passed","title":"marks thread as read when unreadCount > 0"}],"endTime":1765281026468,"message":"","name":"C:\\Users\\hp\\Documents\\Oladinno's Codes\\ErrandFront\\src\\__tests__\\ChatDetailScreen.dark-mode.test.tsx","startTime":1765281026133,"status":"passed","summary":""},{"assertionResults":[{"ancestorTitles":["SavedScreen responsive grid"],"duration":66,"failureDetails":[],"failureMessages":[],"fullName":"SavedScreen responsive grid two columns on wide screens","invocations":1,"location":null,"numPassingAsserts":1,"retryReasons":[],"status":"passed","title":"two columns on wide screens"},{"ancestorTitles":["SavedScreen responsive grid"],"duration":10,"failureDetails":[],"failureMessages":[],"fullName":"SavedScreen responsive grid one column on narrow screens","invocations":1,"location":null,"numPassingAsserts":1,"retryReasons":[],"status":"passed","title":"one column on narrow screens"}],"endTime":1765281026822,"message":"","name":"C:\\Users\\hp\\Documents\\Oladinno's Codes\\ErrandFront\\src\\__tests__\\SavedScreen.responsive.test.tsx","startTime":1765281026474,"status":"passed","summary":""},{"assertionResults":[{"ancestorTitles":["HomeScreen Padi FAB navigation"],"duration":82,"failureDetails":[],"failureMessages":[],"fullName":"HomeScreen Padi FAB navigation taps Padi FAB navigates to Chat Detail and sets thread","invocations":1,"location":null,"numPassingAsserts":2,"retryReasons":[],"status":"passed","title":"taps Padi FAB navigates to Chat Detail and sets thread"}],"endTime":1765281027158,"message":"","name":"C:\\Users\\hp\\Documents\\Oladinno's Codes\\ErrandFront\\src\\__tests__\\HomeScreen.padi-fab-nav.test.tsx","startTime":1765281026829,"status":"passed","summary":""},{"assertionResults":[{"ancestorTitles":["SavedScreen animations"],"duration":72,"failureDetails":[],"failureMessages":[],"fullName":"SavedScreen animations card press triggers Animated.spring on press in/out","invocations":1,"location":null,"numPassingAsserts":1,"retryReasons":[],"status":"passed","title":"card press triggers Animated.spring on press in/out"}],"endTime":1765281027465,"message":"","name":"C:\\Users\\hp\\Documents\\Oladinno's Codes\\ErrandFront\\src\\__tests__\\SavedScreen.animation.test.tsx","startTime":1765281027165,"status":"passed","summary":""},{"assertionResults":[{"ancestorTitles":["NativeCheckoutMap"],"duration":69,"failureDetails":[],"failureMessages":[],"fullName":"NativeCheckoutMap renders markers and responds to region change","invocations":1,"location":null,"numPassingAsserts":1,"retryReasons":[],"status":"passed","title":"renders markers and responds to region change"},{"ancestorTitles":["NativeCheckoutMap"],"duration":2,"failureDetails":[],"failureMessages":[],"fullName":"NativeCheckoutMap selects coordinate on map press","invocations":1,"location":null,"numPassingAsserts":1,"retryReasons":[],"status":"passed","title":"selects coordinate on map press"},{"ancestorTitles":["getCurrentLocation"],"duration":0,"failureDetails":[],"failureMessages":[],"fullName":"getCurrentLocation returns coordinate when permission granted","invocations":1,"location":null,"numPassingAsserts":1,"retryReasons":[],"status":"passed","title":"returns coordinate when permission granted"},{"ancestorTitles":["getCurrentLocation"],"duration":0,"failureDetails":[],"failureMessages":[],"fullName":"getCurrentLocation returns null when permission denied","invocations":1,"location":null,"numPassingAsserts":1,"retryReasons":[],"status":"passed","title":"returns null when permission denied"}],"endTime":1765281027805,"message":"","name":"C:\\Users\\hp\\Documents\\Oladinno's Codes\\ErrandFront\\src\\__tests__\\CheckoutScreen.native-map.test.tsx","startTime":1765281027471,"status":"passed","summary":""},{"assertionResults":[{"ancestorTitles":["SupportScreen navigation"],"duration":65,"failureDetails":[],"failureMessages":[],"fullName":"SupportScreen navigation Live Chat goes to Messages list","invocations":1,"location":null,"numPassingAsserts":1,"retryReasons":[],"status":"passed","title":"Live Chat goes to Messages list"}],"endTime":1765281028112,"message":"","name":"C:\\Users\\hp\\Documents\\Oladinno's Codes\\ErrandFront\\src\\__tests__\\SupportScreen.navigation.test.tsx","startTime":1765281027811,"status":"passed","summary":""}],"wasInterrupted":false}
