{"C:\\Users\\hp\\Documents\\Oladinno's Codes\\ErrandFront\\src\\components\\Card.tsx": {"path":"C:\\Users\\hp\\Documents\\Oladinno's Codes\\ErrandFront\\src\\components\\Card.tsx","statementMap":{"0":{"start":{"line":24,"column":16},"end":{"line":24,"column":26}},"1":{"start":{"line":25,"column":20},"end":{"line":25,"column":41}},"2":{"start":{"line":26,"column":20},"end":{"line":26,"column":45}},"3":{"start":{"line":27,"column":21},"end":{"line":27,"column":75}},"4":{"start":{"line":28,"column":2},"end":{"line":110,"column":4}},"5":{"start":{"line":113,"column":15},"end":{"line":233,"column":2}}},"fnMap":{"0":{"name":"Card","decl":{"start":{"line":23,"column":24},"end":{"line":23,"column":28}},"loc":{"start":{"line":23,"column":203},"end":{"line":111,"column":1}},"line":23}},"branchMap":{"0":{"loc":{"start":{"line":23,"column":135},"end":{"line":23,"column":154}},"type":"default-arg","locations":[{"start":{"line":23,"column":145},"end":{"line":23,"column":154}}],"line":23},"1":{"loc":{"start":{"line":32,"column":8},"end":{"line":32,"column":77}},"type":"binary-expr","locations":[{"start":{"line":32,"column":8},"end":{"line":32,"column":27}},{"start":{"line":32,"column":31},"end":{"line":32,"column":77}}],"line":32},"2":{"loc":{"start":{"line":33,"column":8},"end":{"line":33,"column":74}},"type":"binary-expr","locations":[{"start":{"line":33,"column":8},"end":{"line":33,"column":26}},{"start":{"line":33,"column":30},"end":{"line":33,"column":74}}],"line":33},"3":{"loc":{"start":{"line":39,"column":7},"end":{"line":68,"column":7}},"type":"cond-expr","locations":[{"start":{"line":40,"column":8},"end":{"line":54,"column":15}},{"start":{"line":56,"column":8},"end":{"line":67,"column":11}}],"line":39},"4":{"loc":{"start":{"line":41,"column":11},"end":{"line":45,"column":11}},"type":"cond-expr","locations":[{"start":{"line":42,"column":12},"end":{"line":42,"column":72}},{"start":{"line":44,"column":12},"end":{"line":44,"column":90}}],"line":41},"5":{"loc":{"start":{"line":46,"column":11},"end":{"line":50,"column":11}},"type":"binary-expr","locations":[{"start":{"line":46,"column":11},"end":{"line":46,"column":23}},{"start":{"line":47,"column":12},"end":{"line":49,"column":19}}],"line":46},"6":{"loc":{"start":{"line":51,"column":68},"end":{"line":51,"column":125}},"type":"cond-expr","locations":[{"start":{"line":51,"column":81},"end":{"line":51,"column":104}},{"start":{"line":51,"column":107},"end":{"line":51,"column":125}}],"line":51},"7":{"loc":{"start":{"line":52,"column":42},"end":{"line":52,"column":80}},"type":"cond-expr","locations":[{"start":{"line":52,"column":55},"end":{"line":52,"column":62}},{"start":{"line":52,"column":65},"end":{"line":52,"column":80}}],"line":52},"8":{"loc":{"start":{"line":52,"column":99},"end":{"line":52,"column":160}},"type":"cond-expr","locations":[{"start":{"line":52,"column":112},"end":{"line":52,"column":131}},{"start":{"line":52,"column":134},"end":{"line":52,"column":160}}],"line":52},"9":{"loc":{"start":{"line":57,"column":11},"end":{"line":61,"column":11}},"type":"cond-expr","locations":[{"start":{"line":58,"column":12},"end":{"line":58,"column":110}},{"start":{"line":60,"column":12},"end":{"line":60,"column":128}}],"line":57},"10":{"loc":{"start":{"line":58,"column":65},"end":{"line":58,"column":105}},"type":"binary-expr","locations":[{"start":{"line":58,"column":65},"end":{"line":58,"column":84}},{"start":{"line":58,"column":88},"end":{"line":58,"column":105}}],"line":58},"11":{"loc":{"start":{"line":60,"column":40},"end":{"line":60,"column":80}},"type":"binary-expr","locations":[{"start":{"line":60,"column":40},"end":{"line":60,"column":59}},{"start":{"line":60,"column":63},"end":{"line":60,"column":80}}],"line":60},"12":{"loc":{"start":{"line":62,"column":11},"end":{"line":66,"column":11}},"type":"binary-expr","locations":[{"start":{"line":62,"column":11},"end":{"line":62,"column":30}},{"start":{"line":63,"column":12},"end":{"line":65,"column":24}}],"line":62},"13":{"loc":{"start":{"line":69,"column":33},"end":{"line":69,"column":70}},"type":"binary-expr","locations":[{"start":{"line":69,"column":33},"end":{"line":69,"column":51}},{"start":{"line":69,"column":55},"end":{"line":69,"column":70}}],"line":69},"14":{"loc":{"start":{"line":71,"column":9},"end":{"line":71,"column":129}},"type":"binary-expr","locations":[{"start":{"line":71,"column":9},"end":{"line":71,"column":19}},{"start":{"line":71,"column":23},"end":{"line":71,"column":129}}],"line":71},"15":{"loc":{"start":{"line":72,"column":9},"end":{"line":83,"column":9}},"type":"binary-expr","locations":[{"start":{"line":72,"column":9},"end":{"line":72,"column":28}},{"start":{"line":73,"column":10},"end":{"line":82,"column":17}}],"line":72},"16":{"loc":{"start":{"line":74,"column":13},"end":{"line":81,"column":13}},"type":"binary-expr","locations":[{"start":{"line":74,"column":13},"end":{"line":74,"column":21}},{"start":{"line":75,"column":14},"end":{"line":80,"column":21}}],"line":74},"17":{"loc":{"start":{"line":78,"column":38},"end":{"line":78,"column":98}},"type":"cond-expr","locations":[{"start":{"line":78,"column":73},"end":{"line":78,"column":93}},{"start":{"line":78,"column":96},"end":{"line":78,"column":98}}],"line":78},"18":{"loc":{"start":{"line":84,"column":9},"end":{"line":86,"column":9}},"type":"binary-expr","locations":[{"start":{"line":84,"column":9},"end":{"line":84,"column":28}},{"start":{"line":85,"column":10},"end":{"line":85,"column":153}}],"line":84},"19":{"loc":{"start":{"line":85,"column":80},"end":{"line":85,"column":145}},"type":"cond-expr","locations":[{"start":{"line":85,"column":108},"end":{"line":85,"column":137}},{"start":{"line":85,"column":140},"end":{"line":85,"column":145}}],"line":85},"20":{"loc":{"start":{"line":87,"column":9},"end":{"line":107,"column":9}},"type":"binary-expr","locations":[{"start":{"line":87,"column":9},"end":{"line":87,"column":27}},{"start":{"line":88,"column":10},"end":{"line":106,"column":17}}],"line":87},"21":{"loc":{"start":{"line":93,"column":13},"end":{"line":98,"column":13}},"type":"binary-expr","locations":[{"start":{"line":93,"column":13},"end":{"line":93,"column":27}},{"start":{"line":94,"column":14},"end":{"line":97,"column":21}}],"line":93},"22":{"loc":{"start":{"line":100,"column":13},"end":{"line":105,"column":13}},"type":"binary-expr","locations":[{"start":{"line":100,"column":13},"end":{"line":100,"column":38}},{"start":{"line":101,"column":14},"end":{"line":104,"column":21}}],"line":100}},"s":{"0":8,"1":8,"2":8,"3":8,"4":8,"5":3},"f":{"0":8},"b":{"0":[0],"1":[8,4],"2":[8,4],"3":[4,4],"4":[0,4],"5":[4,0],"6":[0,4],"7":[0,4],"8":[0,4],"9":[4,0],"10":[4,4],"11":[0,0],"12":[4,4],"13":[8,4],"14":[8,8],"15":[8,4],"16":[4,4],"17":[4,0],"18":[8,4],"19":[4,0],"20":[8,4],"21":[4,4],"22":[4,4]},"_coverageSchema":"1a1c01bbd47fc00a2c39e90264f33305004495a9","hash":"aa6afc347771b15ed190e50ab32881d408a002f5"}
,"C:\\Users\\hp\\Documents\\Oladinno's Codes\\ErrandFront\\src\\components\\Header.tsx": {"path":"C:\\Users\\hp\\Documents\\Oladinno's Codes\\ErrandFront\\src\\components\\Header.tsx","statementMap":{"0":{"start":{"line":21,"column":16},"end":{"line":21,"column":26}},"1":{"start":{"line":22,"column":20},"end":{"line":22,"column":84}},"2":{"start":{"line":22,"column":39},"end":{"line":22,"column":83}},"3":{"start":{"line":22,"column":63},"end":{"line":22,"column":79}},"4":{"start":{"line":23,"column":17},"end":{"line":23,"column":36}},"5":{"start":{"line":24,"column":21},"end":{"line":24,"column":79}},"6":{"start":{"line":25,"column":2},"end":{"line":65,"column":4}},"7":{"start":{"line":28,"column":33},"end":{"line":28,"column":100}},"8":{"start":{"line":45,"column":36},"end":{"line":45,"column":52}},"9":{"start":{"line":45,"column":53},"end":{"line":45,"column":81}},"10":{"start":{"line":57,"column":34},"end":{"line":57,"column":65}},"11":{"start":{"line":68,"column":17},"end":{"line":75,"column":1}},"12":{"start":{"line":69,"column":2},"end":{"line":74,"column":39}},"13":{"start":{"line":79,"column":15},"end":{"line":119,"column":2}}},"fnMap":{"0":{"name":"Header","decl":{"start":{"line":20,"column":9},"end":{"line":20,"column":15}},"loc":{"start":{"line":20,"column":117},"end":{"line":66,"column":1}},"line":20},"1":{"name":"(anonymous_1)","decl":{"start":{"line":22,"column":32},"end":{"line":22,"column":33}},"loc":{"start":{"line":22,"column":39},"end":{"line":22,"column":83}},"line":22},"2":{"name":"(anonymous_2)","decl":{"start":{"line":22,"column":53},"end":{"line":22,"column":54}},"loc":{"start":{"line":22,"column":63},"end":{"line":22,"column":79}},"line":22},"3":{"name":"(anonymous_3)","decl":{"start":{"line":28,"column":26},"end":{"line":28,"column":27}},"loc":{"start":{"line":28,"column":33},"end":{"line":28,"column":100}},"line":28},"4":{"name":"(anonymous_4)","decl":{"start":{"line":45,"column":28},"end":{"line":45,"column":29}},"loc":{"start":{"line":45,"column":34},"end":{"line":45,"column":83}},"line":45},"5":{"name":"(anonymous_5)","decl":{"start":{"line":57,"column":28},"end":{"line":57,"column":29}},"loc":{"start":{"line":57,"column":34},"end":{"line":57,"column":65}},"line":57},"6":{"name":"(anonymous_6)","decl":{"start":{"line":68,"column":17},"end":{"line":68,"column":18}},"loc":{"start":{"line":69,"column":2},"end":{"line":74,"column":39}},"line":69}},"branchMap":{"0":{"loc":{"start":{"line":20,"column":18},"end":{"line":20,"column":28}},"type":"default-arg","locations":[{"start":{"line":20,"column":26},"end":{"line":20,"column":28}}],"line":20},"1":{"loc":{"start":{"line":20,"column":40},"end":{"line":20,"column":61}},"type":"default-arg","locations":[{"start":{"line":20,"column":55},"end":{"line":20,"column":61}}],"line":20},"2":{"loc":{"start":{"line":22,"column":68},"end":{"line":22,"column":78}},"type":"binary-expr","locations":[{"start":{"line":22,"column":68},"end":{"line":22,"column":73}},{"start":{"line":22,"column":77},"end":{"line":22,"column":78}}],"line":22},"3":{"loc":{"start":{"line":28,"column":33},"end":{"line":28,"column":100}},"type":"cond-expr","locations":[{"start":{"line":28,"column":59},"end":{"line":28,"column":82}},{"start":{"line":28,"column":85},"end":{"line":28,"column":100}}],"line":28},"4":{"loc":{"start":{"line":28,"column":123},"end":{"line":28,"column":187}},"type":"cond-expr","locations":[{"start":{"line":28,"column":149},"end":{"line":28,"column":160}},{"start":{"line":28,"column":163},"end":{"line":28,"column":187}}],"line":28},"5":{"loc":{"start":{"line":29,"column":9},"end":{"line":33,"column":9}},"type":"cond-expr","locations":[{"start":{"line":30,"column":10},"end":{"line":30,"column":82}},{"start":{"line":32,"column":10},"end":{"line":32,"column":85}}],"line":29},"6":{"loc":{"start":{"line":37,"column":11},"end":{"line":37,"column":28}},"type":"binary-expr","locations":[{"start":{"line":37,"column":11},"end":{"line":37,"column":19}},{"start":{"line":37,"column":23},"end":{"line":37,"column":28}}],"line":37},"7":{"loc":{"start":{"line":39,"column":9},"end":{"line":39,"column":90}},"type":"binary-expr","locations":[{"start":{"line":39,"column":9},"end":{"line":39,"column":19}},{"start":{"line":39,"column":23},"end":{"line":39,"column":90}}],"line":39},"8":{"loc":{"start":{"line":48,"column":13},"end":{"line":54,"column":13}},"type":"binary-expr","locations":[{"start":{"line":48,"column":13},"end":{"line":48,"column":26}},{"start":{"line":49,"column":14},"end":{"line":53,"column":21}}],"line":48},"9":{"loc":{"start":{"line":69,"column":2},"end":{"line":74,"column":39}},"type":"binary-expr","locations":[{"start":{"line":69,"column":2},"end":{"line":69,"column":27}},{"start":{"line":70,"column":2},"end":{"line":70,"column":33}},{"start":{"line":71,"column":2},"end":{"line":71,"column":41}},{"start":{"line":72,"column":2},"end":{"line":72,"column":39}},{"start":{"line":73,"column":2},"end":{"line":73,"column":39}},{"start":{"line":74,"column":2},"end":{"line":74,"column":39}}],"line":69}},"s":{"0":5,"1":5,"2":5,"3":0,"4":5,"5":5,"6":5,"7":0,"8":0,"9":0,"10":0,"11":3,"12":5,"13":3},"f":{"0":5,"1":5,"2":0,"3":0,"4":0,"5":0,"6":5},"b":{"0":[5],"1":[5],"2":[0,0],"3":[0,0],"4":[5,0],"5":[5,0],"6":[5,0],"7":[5,5],"8":[5,0],"9":[5,5,5,5,5,5]},"_coverageSchema":"1a1c01bbd47fc00a2c39e90264f33305004495a9","hash":"e5e36194b98a1204a5a98f89b9239d028778e903"}
,"C:\\Users\\hp\\Documents\\Oladinno's Codes\\ErrandFront\\src\\components\\JobCard.tsx": {"path":"C:\\Users\\hp\\Documents\\Oladinno's Codes\\ErrandFront\\src\\components\\JobCard.tsx","statementMap":{"0":{"start":{"line":13,"column":16},"end":{"line":13,"column":26}},"1":{"start":{"line":14,"column":2},"end":{"line":31,"column":4}},"2":{"start":{"line":34,"column":15},"end":{"line":53,"column":2}}},"fnMap":{"0":{"name":"JobCard","decl":{"start":{"line":12,"column":24},"end":{"line":12,"column":31}},"loc":{"start":{"line":12,"column":89},"end":{"line":32,"column":1}},"line":12}},"branchMap":{"0":{"loc":{"start":{"line":22,"column":9},"end":{"line":24,"column":9}},"type":"binary-expr","locations":[{"start":{"line":22,"column":9},"end":{"line":22,"column":22}},{"start":{"line":23,"column":10},"end":{"line":23,"column":153}}],"line":22}},"s":{"0":4,"1":4,"2":3},"f":{"0":4},"b":{"0":[4,4]},"_coverageSchema":"1a1c01bbd47fc00a2c39e90264f33305004495a9","hash":"3fa435393b81420cfba8a635305cbfa9f7958993"}
,"C:\\Users\\hp\\Documents\\Oladinno's Codes\\ErrandFront\\src\\components\\ProCard.tsx": {"path":"C:\\Users\\hp\\Documents\\Oladinno's Codes\\ErrandFront\\src\\components\\ProCard.tsx","statementMap":{"0":{"start":{"line":18,"column":16},"end":{"line":18,"column":26}},"1":{"start":{"line":19,"column":2},"end":{"line":34,"column":4}},"2":{"start":{"line":29,"column":109},"end":{"line":29,"column":127}},"3":{"start":{"line":37,"column":15},"end":{"line":74,"column":2}}},"fnMap":{"0":{"name":"ProCard","decl":{"start":{"line":17,"column":24},"end":{"line":17,"column":31}},"loc":{"start":{"line":17,"column":126},"end":{"line":35,"column":1}},"line":17},"1":{"name":"(anonymous_1)","decl":{"start":{"line":29,"column":103},"end":{"line":29,"column":104}},"loc":{"start":{"line":29,"column":109},"end":{"line":29,"column":127}},"line":29}},"branchMap":{"0":{"loc":{"start":{"line":29,"column":39},"end":{"line":29,"column":92}},"type":"cond-expr","locations":[{"start":{"line":29,"column":49},"end":{"line":29,"column":70}},{"start":{"line":29,"column":73},"end":{"line":29,"column":92}}],"line":29},"1":{"loc":{"start":{"line":30,"column":40},"end":{"line":30,"column":81}},"type":"cond-expr","locations":[{"start":{"line":30,"column":50},"end":{"line":30,"column":60}},{"start":{"line":30,"column":63},"end":{"line":30,"column":81}}],"line":30},"2":{"loc":{"start":{"line":30,"column":100},"end":{"line":30,"column":158}},"type":"cond-expr","locations":[{"start":{"line":30,"column":110},"end":{"line":30,"column":129}},{"start":{"line":30,"column":132},"end":{"line":30,"column":158}}],"line":30}},"s":{"0":5,"1":5,"2":0,"3":3},"f":{"0":5,"1":0},"b":{"0":[0,5],"1":[0,5],"2":[0,5]},"_coverageSchema":"1a1c01bbd47fc00a2c39e90264f33305004495a9","hash":"04ba108fda2041766636c83b9021ab42f75632ba"}
,"C:\\Users\\hp\\Documents\\Oladinno's Codes\\ErrandFront\\src\\components\\SearchBar.tsx": {"path":"C:\\Users\\hp\\Documents\\Oladinno's Codes\\ErrandFront\\src\\components\\SearchBar.tsx","statementMap":{"0":{"start":{"line":14,"column":16},"end":{"line":14,"column":26}},"1":{"start":{"line":15,"column":2},"end":{"line":42,"column":4}},"2":{"start":{"line":45,"column":15},"end":{"line":60,"column":2}}},"fnMap":{"0":{"name":"SearchBar","decl":{"start":{"line":13,"column":24},"end":{"line":13,"column":33}},"loc":{"start":{"line":13,"column":109},"end":{"line":43,"column":1}},"line":13}},"branchMap":{"0":{"loc":{"start":{"line":13,"column":36},"end":{"line":13,"column":58}},"type":"default-arg","locations":[{"start":{"line":13,"column":50},"end":{"line":13,"column":58}}],"line":13}},"s":{"0":10,"1":10,"2":3},"f":{"0":10},"b":{"0":[0]},"_coverageSchema":"1a1c01bbd47fc00a2c39e90264f33305004495a9","hash":"1baa68174e79bc848494891fdb4dd94b73749997"}
,"C:\\Users\\hp\\Documents\\Oladinno's Codes\\ErrandFront\\src\\components\\SectionHeader.tsx": {"path":"C:\\Users\\hp\\Documents\\Oladinno's Codes\\ErrandFront\\src\\components\\SectionHeader.tsx","statementMap":{"0":{"start":{"line":12,"column":16},"end":{"line":12,"column":26}},"1":{"start":{"line":13,"column":2},"end":{"line":25,"column":4}},"2":{"start":{"line":28,"column":15},"end":{"line":44,"column":2}}},"fnMap":{"0":{"name":"SectionHeader","decl":{"start":{"line":11,"column":24},"end":{"line":11,"column":37}},"loc":{"start":{"line":11,"column":89},"end":{"line":26,"column":1}},"line":11}},"branchMap":{"0":{"loc":{"start":{"line":17,"column":9},"end":{"line":17,"column":147}},"type":"binary-expr","locations":[{"start":{"line":17,"column":9},"end":{"line":17,"column":19}},{"start":{"line":17,"column":23},"end":{"line":17,"column":147}}],"line":17},"1":{"loc":{"start":{"line":19,"column":7},"end":{"line":23,"column":7}},"type":"binary-expr","locations":[{"start":{"line":19,"column":7},"end":{"line":19,"column":17}},{"start":{"line":20,"column":8},"end":{"line":22,"column":20}}],"line":19}},"s":{"0":20,"1":20,"2":3},"f":{"0":20},"b":{"0":[20,0],"1":[20,10]},"_coverageSchema":"1a1c01bbd47fc00a2c39e90264f33305004495a9","hash":"fbbd68772be84ae418ee50bb50e05b752b395d27"}
,"C:\\Users\\hp\\Documents\\Oladinno's Codes\\ErrandFront\\src\\components\\SegmentedControl.tsx": {"path":"C:\\Users\\hp\\Documents\\Oladinno's Codes\\ErrandFront\\src\\components\\SegmentedControl.tsx","statementMap":{"0":{"start":{"line":13,"column":16},"end":{"line":13,"column":26}},"1":{"start":{"line":14,"column":2},"end":{"line":38,"column":4}},"2":{"start":{"line":17,"column":23},"end":{"line":17,"column":40}},"3":{"start":{"line":18,"column":8},"end":{"line":35,"column":10}},"4":{"start":{"line":22,"column":14},"end":{"line":22,"column":83}},"5":{"start":{"line":23,"column":14},"end":{"line":23,"column":32}},"6":{"start":{"line":41,"column":15},"end":{"line":59,"column":2}}},"fnMap":{"0":{"name":"SegmentedControl","decl":{"start":{"line":12,"column":24},"end":{"line":12,"column":40}},"loc":{"start":{"line":12,"column":94},"end":{"line":39,"column":1}},"line":12},"1":{"name":"(anonymous_1)","decl":{"start":{"line":16,"column":19},"end":{"line":16,"column":20}},"loc":{"start":{"line":16,"column":28},"end":{"line":36,"column":7}},"line":16},"2":{"name":"(anonymous_2)","decl":{"start":{"line":21,"column":21},"end":{"line":21,"column":22}},"loc":{"start":{"line":21,"column":27},"end":{"line":24,"column":13}},"line":21}},"branchMap":{"0":{"loc":{"start":{"line":30,"column":40},"end":{"line":30,"column":97}},"type":"cond-expr","locations":[{"start":{"line":30,"column":49},"end":{"line":30,"column":68}},{"start":{"line":30,"column":71},"end":{"line":30,"column":97}}],"line":30},"1":{"loc":{"start":{"line":31,"column":36},"end":{"line":31,"column":93}},"type":"cond-expr","locations":[{"start":{"line":31,"column":45},"end":{"line":31,"column":64}},{"start":{"line":31,"column":67},"end":{"line":31,"column":93}}],"line":31},"2":{"loc":{"start":{"line":31,"column":107},"end":{"line":31,"column":129}},"type":"cond-expr","locations":[{"start":{"line":31,"column":116},"end":{"line":31,"column":121}},{"start":{"line":31,"column":124},"end":{"line":31,"column":129}}],"line":31},"3":{"loc":{"start":{"line":33,"column":63},"end":{"line":33,"column":107}},"type":"cond-expr","locations":[{"start":{"line":33,"column":72},"end":{"line":33,"column":91}},{"start":{"line":33,"column":94},"end":{"line":33,"column":107}}],"line":33}},"s":{"0":10,"1":10,"2":20,"3":20,"4":3,"5":3,"6":3},"f":{"0":10,"1":20,"2":3},"b":{"0":[10,10],"1":[10,10],"2":[10,10],"3":[10,10]},"_coverageSchema":"1a1c01bbd47fc00a2c39e90264f33305004495a9","hash":"707ada3192e303ef2115bb5286ec23f6c69efb09"}
,"C:\\Users\\hp\\Documents\\Oladinno's Codes\\ErrandFront\\src\\hooks\\useTheme.ts": {"path":"C:\\Users\\hp\\Documents\\Oladinno's Codes\\ErrandFront\\src\\hooks\\useTheme.ts","statementMap":{"0":{"start":{"line":4,"column":24},"end":{"line":7,"column":1}},"1":{"start":{"line":5,"column":15},"end":{"line":5,"column":41}},"2":{"start":{"line":5,"column":34},"end":{"line":5,"column":40}},"3":{"start":{"line":6,"column":2},"end":{"line":6,"column":50}}},"fnMap":{"0":{"name":"(anonymous_0)","decl":{"start":{"line":4,"column":24},"end":{"line":4,"column":25}},"loc":{"start":{"line":4,"column":37},"end":{"line":7,"column":1}},"line":4},"1":{"name":"(anonymous_1)","decl":{"start":{"line":5,"column":27},"end":{"line":5,"column":28}},"loc":{"start":{"line":5,"column":34},"end":{"line":5,"column":40}},"line":5}},"branchMap":{"0":{"loc":{"start":{"line":6,"column":9},"end":{"line":6,"column":49}},"type":"cond-expr","locations":[{"start":{"line":6,"column":27},"end":{"line":6,"column":36}},{"start":{"line":6,"column":39},"end":{"line":6,"column":49}}],"line":6}},"s":{"0":16,"1":160,"2":176,"3":160},"f":{"0":160,"1":176},"b":{"0":[5,155]},"_coverageSchema":"1a1c01bbd47fc00a2c39e90264f33305004495a9","hash":"b57fa8293cad4f08efa54d11cd8c39226bba3401"}
,"C:\\Users\\hp\\Documents\\Oladinno's Codes\\ErrandFront\\src\\mocks\\polyfill.ts": {"path":"C:\\Users\\hp\\Documents\\Oladinno's Codes\\ErrandFront\\src\\mocks\\polyfill.ts","statementMap":{"0":{"start":{"line":4,"column":71},"end":{"line":4,"column":73}},"1":{"start":{"line":5,"column":48},"end":{"line":10,"column":1}},"2":{"start":{"line":11,"column":45},"end":{"line":11,"column":47}},"3":{"start":{"line":14,"column":2},"end":{"line":14,"column":117}},"4":{"start":{"line":14,"column":105},"end":{"line":14,"column":117}},"5":{"start":{"line":15,"column":46},"end":{"line":15,"column":103}},"6":{"start":{"line":16,"column":2},"end":{"line":16,"column":58}},"7":{"start":{"line":20,"column":2},"end":{"line":20,"column":108}},"8":{"start":{"line":20,"column":37},"end":{"line":20,"column":108}},"9":{"start":{"line":21,"column":2},"end":{"line":21,"column":19}},"10":{"start":{"line":24,"column":40},"end":{"line":24,"column":94}},"11":{"start":{"line":24,"column":70},"end":{"line":24,"column":89}},"12":{"start":{"line":25,"column":33},"end":{"line":25,"column":58}},"13":{"start":{"line":27,"column":14},"end":{"line":27,"column":24}},"14":{"start":{"line":28,"column":14},"end":{"line":28,"column":35}},"15":{"start":{"line":29,"column":16},"end":{"line":29,"column":53}},"16":{"start":{"line":29,"column":34},"end":{"line":29,"column":52}},"17":{"start":{"line":30,"column":2},"end":{"line":30,"column":18}},"18":{"start":{"line":31,"column":2},"end":{"line":31,"column":26}},"19":{"start":{"line":32,"column":2},"end":{"line":32,"column":31}},"20":{"start":{"line":35,"column":15},"end":{"line":35,"column":75}},"21":{"start":{"line":36,"column":2},"end":{"line":36,"column":26}},"22":{"start":{"line":36,"column":13},"end":{"line":36,"column":26}},"23":{"start":{"line":37,"column":2},"end":{"line":37,"column":86}},"24":{"start":{"line":37,"column":67},"end":{"line":37,"column":86}},"25":{"start":{"line":38,"column":2},"end":{"line":38,"column":14}},"26":{"start":{"line":41,"column":25},"end":{"line":41,"column":27}},"27":{"start":{"line":42,"column":2},"end":{"line":42,"column":68}},"28":{"start":{"line":42,"column":41},"end":{"line":42,"column":68}},"29":{"start":{"line":43,"column":2},"end":{"line":43,"column":90}},"30":{"start":{"line":43,"column":62},"end":{"line":43,"column":90}},"31":{"start":{"line":44,"column":2},"end":{"line":50,"column":3}},"32":{"start":{"line":45,"column":4},"end":{"line":49,"column":7}},"33":{"start":{"line":46,"column":6},"end":{"line":46,"column":76}},"34":{"start":{"line":46,"column":32},"end":{"line":46,"column":76}},"35":{"start":{"line":47,"column":6},"end":{"line":47,"column":98}},"36":{"start":{"line":47,"column":57},"end":{"line":47,"column":98}},"37":{"start":{"line":48,"column":6},"end":{"line":48,"column":93}},"38":{"start":{"line":48,"column":54},"end":{"line":48,"column":93}},"39":{"start":{"line":51,"column":2},"end":{"line":51,"column":97}},"40":{"start":{"line":51,"column":61},"end":{"line":51,"column":97}},"41":{"start":{"line":52,"column":2},"end":{"line":52,"column":54}},"42":{"start":{"line":52,"column":19},"end":{"line":52,"column":54}},"43":{"start":{"line":53,"column":2},"end":{"line":53,"column":56}},"44":{"start":{"line":57,"column":2},"end":{"line":57,"column":28}},"45":{"start":{"line":57,"column":21},"end":{"line":57,"column":28}},"46":{"start":{"line":58,"column":2},"end":{"line":58,"column":35}},"47":{"start":{"line":59,"column":2},"end":{"line":178,"column":4}},"48":{"start":{"line":60,"column":16},"end":{"line":60,"column":68}},"49":{"start":{"line":61,"column":19},"end":{"line":61,"column":56}},"50":{"start":{"line":62,"column":4},"end":{"line":62,"column":53}},"51":{"start":{"line":63,"column":4},"end":{"line":74,"column":5}},"52":{"start":{"line":64,"column":16},"end":{"line":64,"column":48}},"53":{"start":{"line":65,"column":22},"end":{"line":65,"column":50}},"54":{"start":{"line":66,"column":21},"end":{"line":66,"column":62}},"55":{"start":{"line":67,"column":18},"end":{"line":67,"column":43}},"56":{"start":{"line":68,"column":6},"end":{"line":68,"column":51}},"57":{"start":{"line":68,"column":31},"end":{"line":68,"column":49}},"58":{"start":{"line":69,"column":6},"end":{"line":69,"column":67}},"59":{"start":{"line":69,"column":25},"end":{"line":69,"column":67}},"60":{"start":{"line":70,"column":6},"end":{"line":70,"column":66}},"61":{"start":{"line":70,"column":25},"end":{"line":70,"column":66}},"62":{"start":{"line":71,"column":21},"end":{"line":71,"column":39}},"63":{"start":{"line":72,"column":39},"end":{"line":72,"column":102}},"64":{"start":{"line":73,"column":6},"end":{"line":73,"column":27}},"65":{"start":{"line":75,"column":4},"end":{"line":90,"column":5}},"66":{"start":{"line":76,"column":22},"end":{"line":76,"column":54}},"67":{"start":{"line":77,"column":19},"end":{"line":77,"column":40}},"68":{"start":{"line":78,"column":18},"end":{"line":78,"column":70}},"69":{"start":{"line":79,"column":6},"end":{"line":79,"column":116}},"70":{"start":{"line":79,"column":27},"end":{"line":79,"column":116}},"71":{"start":{"line":80,"column":6},"end":{"line":80,"column":115}},"72":{"start":{"line":80,"column":26},"end":{"line":80,"column":115}},"73":{"start":{"line":81,"column":6},"end":{"line":81,"column":51}},"74":{"start":{"line":81,"column":31},"end":{"line":81,"column":49}},"75":{"start":{"line":82,"column":21},"end":{"line":82,"column":76}},"76":{"start":{"line":83,"column":6},"end":{"line":83,"column":110}},"77":{"start":{"line":83,"column":22},"end":{"line":83,"column":110}},"78":{"start":{"line":84,"column":19},"end":{"line":84,"column":30}},"79":{"start":{"line":85,"column":17},"end":{"line":85,"column":33}},"80":{"start":{"line":86,"column":20},"end":{"line":86,"column":35}},"81":{"start":{"line":87,"column":50},"end":{"line":87,"column":160}},"82":{"start":{"line":88,"column":6},"end":{"line":88,"column":44}},"83":{"start":{"line":89,"column":6},"end":{"line":89,"column":32}},"84":{"start":{"line":91,"column":4},"end":{"line":106,"column":5}},"85":{"start":{"line":92,"column":22},"end":{"line":92,"column":54}},"86":{"start":{"line":93,"column":19},"end":{"line":93,"column":40}},"87":{"start":{"line":94,"column":18},"end":{"line":94,"column":70}},"88":{"start":{"line":95,"column":6},"end":{"line":95,"column":116}},"89":{"start":{"line":95,"column":27},"end":{"line":95,"column":116}},"90":{"start":{"line":96,"column":16},"end":{"line":96,"column":48}},"91":{"start":{"line":97,"column":17},"end":{"line":97,"column":50}},"92":{"start":{"line":98,"column":17},"end":{"line":98,"column":41}},"93":{"start":{"line":99,"column":6},"end":{"line":99,"column":129}},"94":{"start":{"line":99,"column":32},"end":{"line":99,"column":129}},"95":{"start":{"line":100,"column":6},"end":{"line":100,"column":116}},"96":{"start":{"line":100,"column":26},"end":{"line":100,"column":116}},"97":{"start":{"line":101,"column":6},"end":{"line":101,"column":51}},"98":{"start":{"line":101,"column":31},"end":{"line":101,"column":49}},"99":{"start":{"line":102,"column":6},"end":{"line":102,"column":112}},"100":{"start":{"line":102,"column":25},"end":{"line":102,"column":112}},"101":{"start":{"line":103,"column":20},"end":{"line":103,"column":32}},"102":{"start":{"line":104,"column":6},"end":{"line":104,"column":95}},"103":{"start":{"line":104,"column":18},"end":{"line":104,"column":95}},"104":{"start":{"line":105,"column":6},"end":{"line":105,"column":28}},"105":{"start":{"line":107,"column":4},"end":{"line":120,"column":5}},"106":{"start":{"line":108,"column":16},"end":{"line":108,"column":48}},"107":{"start":{"line":109,"column":25},"end":{"line":109,"column":57}},"108":{"start":{"line":110,"column":18},"end":{"line":110,"column":43}},"109":{"start":{"line":111,"column":22},"end":{"line":111,"column":54}},"110":{"start":{"line":112,"column":18},"end":{"line":112,"column":70}},"111":{"start":{"line":113,"column":6},"end":{"line":113,"column":116}},"112":{"start":{"line":113,"column":27},"end":{"line":113,"column":116}},"113":{"start":{"line":114,"column":6},"end":{"line":114,"column":106}},"114":{"start":{"line":114,"column":25},"end":{"line":114,"column":106}},"115":{"start":{"line":115,"column":6},"end":{"line":115,"column":110}},"116":{"start":{"line":115,"column":23},"end":{"line":115,"column":110}},"117":{"start":{"line":116,"column":6},"end":{"line":116,"column":83}},"118":{"start":{"line":116,"column":31},"end":{"line":116,"column":81}},"119":{"start":{"line":117,"column":57},"end":{"line":117,"column":87}},"120":{"start":{"line":118,"column":41},"end":{"line":118,"column":167}},"121":{"start":{"line":119,"column":6},"end":{"line":119,"column":27}},"122":{"start":{"line":121,"column":4},"end":{"line":145,"column":5}},"123":{"start":{"line":122,"column":16},"end":{"line":122,"column":48}},"124":{"start":{"line":123,"column":25},"end":{"line":123,"column":57}},"125":{"start":{"line":124,"column":18},"end":{"line":124,"column":43}},"126":{"start":{"line":125,"column":22},"end":{"line":125,"column":54}},"127":{"start":{"line":126,"column":18},"end":{"line":126,"column":70}},"128":{"start":{"line":127,"column":6},"end":{"line":127,"column":116}},"129":{"start":{"line":127,"column":27},"end":{"line":127,"column":116}},"130":{"start":{"line":128,"column":6},"end":{"line":128,"column":106}},"131":{"start":{"line":128,"column":25},"end":{"line":128,"column":106}},"132":{"start":{"line":129,"column":6},"end":{"line":129,"column":110}},"133":{"start":{"line":129,"column":23},"end":{"line":129,"column":110}},"134":{"start":{"line":130,"column":6},"end":{"line":130,"column":83}},"135":{"start":{"line":130,"column":31},"end":{"line":130,"column":81}},"136":{"start":{"line":131,"column":36},"end":{"line":143,"column":7}},"137":{"start":{"line":144,"column":6},"end":{"line":144,"column":27}},"138":{"start":{"line":146,"column":4},"end":{"line":176,"column":5}},"139":{"start":{"line":147,"column":16},"end":{"line":147,"column":48}},"140":{"start":{"line":148,"column":25},"end":{"line":148,"column":57}},"141":{"start":{"line":149,"column":18},"end":{"line":149,"column":43}},"142":{"start":{"line":150,"column":22},"end":{"line":150,"column":54}},"143":{"start":{"line":151,"column":18},"end":{"line":151,"column":70}},"144":{"start":{"line":152,"column":6},"end":{"line":152,"column":116}},"145":{"start":{"line":152,"column":27},"end":{"line":152,"column":116}},"146":{"start":{"line":153,"column":6},"end":{"line":153,"column":106}},"147":{"start":{"line":153,"column":25},"end":{"line":153,"column":106}},"148":{"start":{"line":154,"column":6},"end":{"line":154,"column":110}},"149":{"start":{"line":154,"column":23},"end":{"line":154,"column":110}},"150":{"start":{"line":155,"column":6},"end":{"line":155,"column":83}},"151":{"start":{"line":155,"column":31},"end":{"line":155,"column":81}},"152":{"start":{"line":156,"column":60},"end":{"line":173,"column":7}},"153":{"start":{"line":174,"column":19},"end":{"line":174,"column":59}},"154":{"start":{"line":175,"column":6},"end":{"line":175,"column":27}},"155":{"start":{"line":177,"column":4},"end":{"line":177,"column":38}},"156":{"start":{"line":179,"column":2},"end":{"line":179,"column":58}},"157":{"start":{"line":183,"column":2},"end":{"line":186,"column":3}},"158":{"start":{"line":184,"column":4},"end":{"line":184,"column":37}},"159":{"start":{"line":185,"column":4},"end":{"line":185,"column":30}},"160":{"start":{"line":190,"column":2},"end":{"line":190,"column":26}},"161":{"start":{"line":194,"column":2},"end":{"line":194,"column":105}}},"fnMap":{"0":{"name":"pickStatus","decl":{"start":{"line":13,"column":9},"end":{"line":13,"column":19}},"loc":{"start":{"line":13,"column":65},"end":{"line":17,"column":1}},"line":13},"1":{"name":"riderFor","decl":{"start":{"line":19,"column":9},"end":{"line":19,"column":17}},"loc":{"start":{"line":19,"column":56},"end":{"line":22,"column":1}},"line":19},"2":{"name":"sum","decl":{"start":{"line":24,"column":9},"end":{"line":24,"column":12}},"loc":{"start":{"line":24,"column":38},"end":{"line":24,"column":96}},"line":24},"3":{"name":"(anonymous_3)","decl":{"start":{"line":24,"column":60},"end":{"line":24,"column":61}},"loc":{"start":{"line":24,"column":70},"end":{"line":24,"column":89}},"line":24},"4":{"name":"isValidId","decl":{"start":{"line":25,"column":9},"end":{"line":25,"column":18}},"loc":{"start":{"line":25,"column":31},"end":{"line":25,"column":60}},"line":25},"5":{"name":"rateLimit","decl":{"start":{"line":26,"column":9},"end":{"line":26,"column":18}},"loc":{"start":{"line":26,"column":61},"end":{"line":33,"column":1}},"line":26},"6":{"name":"(anonymous_6)","decl":{"start":{"line":29,"column":27},"end":{"line":29,"column":28}},"loc":{"start":{"line":29,"column":34},"end":{"line":29,"column":52}},"line":29},"7":{"name":"isAuthorized","decl":{"start":{"line":34,"column":9},"end":{"line":34,"column":21}},"loc":{"start":{"line":34,"column":40},"end":{"line":39,"column":1}},"line":34},"8":{"name":"validateCreate","decl":{"start":{"line":40,"column":9},"end":{"line":40,"column":23}},"loc":{"start":{"line":40,"column":109},"end":{"line":54,"column":1}},"line":40},"9":{"name":"(anonymous_9)","decl":{"start":{"line":45,"column":23},"end":{"line":45,"column":24}},"loc":{"start":{"line":45,"column":49},"end":{"line":49,"column":5}},"line":45},"10":{"name":"startFetchMock","decl":{"start":{"line":56,"column":16},"end":{"line":56,"column":30}},"loc":{"start":{"line":56,"column":33},"end":{"line":180,"column":1}},"line":56},"11":{"name":"(anonymous_11)","decl":{"start":{"line":59,"column":21},"end":{"line":59,"column":22}},"loc":{"start":{"line":59,"column":55},"end":{"line":178,"column":3}},"line":59},"12":{"name":"(anonymous_12)","decl":{"start":{"line":68,"column":24},"end":{"line":68,"column":25}},"loc":{"start":{"line":68,"column":31},"end":{"line":68,"column":49}},"line":68},"13":{"name":"(anonymous_13)","decl":{"start":{"line":81,"column":24},"end":{"line":81,"column":25}},"loc":{"start":{"line":81,"column":31},"end":{"line":81,"column":49}},"line":81},"14":{"name":"(anonymous_14)","decl":{"start":{"line":101,"column":24},"end":{"line":101,"column":25}},"loc":{"start":{"line":101,"column":31},"end":{"line":101,"column":49}},"line":101},"15":{"name":"(anonymous_15)","decl":{"start":{"line":116,"column":24},"end":{"line":116,"column":25}},"loc":{"start":{"line":116,"column":31},"end":{"line":116,"column":81}},"line":116},"16":{"name":"(anonymous_16)","decl":{"start":{"line":130,"column":24},"end":{"line":130,"column":25}},"loc":{"start":{"line":130,"column":31},"end":{"line":130,"column":81}},"line":130},"17":{"name":"(anonymous_17)","decl":{"start":{"line":155,"column":24},"end":{"line":155,"column":25}},"loc":{"start":{"line":155,"column":31},"end":{"line":155,"column":81}},"line":155},"18":{"name":"stopFetchMock","decl":{"start":{"line":182,"column":16},"end":{"line":182,"column":29}},"loc":{"start":{"line":182,"column":32},"end":{"line":187,"column":1}},"line":182},"19":{"name":"getInterceptedRequests","decl":{"start":{"line":189,"column":16},"end":{"line":189,"column":38}},"loc":{"start":{"line":189,"column":41},"end":{"line":191,"column":1}},"line":189},"20":{"name":"mk","decl":{"start":{"line":193,"column":9},"end":{"line":193,"column":11}},"loc":{"start":{"line":193,"column":49},"end":{"line":195,"column":1}},"line":193}},"branchMap":{"0":{"loc":{"start":{"line":14,"column":2},"end":{"line":14,"column":117}},"type":"if","locations":[{"start":{"line":14,"column":2},"end":{"line":14,"column":117}},{"start":{},"end":{}}],"line":14},"1":{"loc":{"start":{"line":14,"column":6},"end":{"line":14,"column":103}},"type":"binary-expr","locations":[{"start":{"line":14,"column":6},"end":{"line":14,"column":24}},{"start":{"line":14,"column":28},"end":{"line":14,"column":48}},{"start":{"line":14,"column":52},"end":{"line":14,"column":79}},{"start":{"line":14,"column":83},"end":{"line":14,"column":103}}],"line":14},"2":{"loc":{"start":{"line":20,"column":2},"end":{"line":20,"column":108}},"type":"if","locations":[{"start":{"line":20,"column":2},"end":{"line":20,"column":108}},{"start":{},"end":{}}],"line":20},"3":{"loc":{"start":{"line":26,"column":32},"end":{"line":26,"column":41}},"type":"default-arg","locations":[{"start":{"line":26,"column":40},"end":{"line":26,"column":41}}],"line":26},"4":{"loc":{"start":{"line":26,"column":43},"end":{"line":26,"column":59}},"type":"default-arg","locations":[{"start":{"line":26,"column":54},"end":{"line":26,"column":59}}],"line":26},"5":{"loc":{"start":{"line":28,"column":14},"end":{"line":28,"column":35}},"type":"binary-expr","locations":[{"start":{"line":28,"column":14},"end":{"line":28,"column":29}},{"start":{"line":28,"column":33},"end":{"line":28,"column":35}}],"line":28},"6":{"loc":{"start":{"line":35,"column":15},"end":{"line":35,"column":75}},"type":"binary-expr","locations":[{"start":{"line":35,"column":15},"end":{"line":35,"column":43}},{"start":{"line":35,"column":47},"end":{"line":35,"column":75}}],"line":35},"7":{"loc":{"start":{"line":36,"column":2},"end":{"line":36,"column":26}},"type":"if","locations":[{"start":{"line":36,"column":2},"end":{"line":36,"column":26}},{"start":{},"end":{}}],"line":36},"8":{"loc":{"start":{"line":37,"column":2},"end":{"line":37,"column":86}},"type":"if","locations":[{"start":{"line":37,"column":2},"end":{"line":37,"column":86}},{"start":{},"end":{}}],"line":37},"9":{"loc":{"start":{"line":37,"column":6},"end":{"line":37,"column":65}},"type":"binary-expr","locations":[{"start":{"line":37,"column":6},"end":{"line":37,"column":32}},{"start":{"line":37,"column":36},"end":{"line":37,"column":65}}],"line":37},"10":{"loc":{"start":{"line":42,"column":2},"end":{"line":42,"column":68}},"type":"if","locations":[{"start":{"line":42,"column":2},"end":{"line":42,"column":68}},{"start":{},"end":{}}],"line":42},"11":{"loc":{"start":{"line":42,"column":6},"end":{"line":42,"column":39}},"type":"binary-expr","locations":[{"start":{"line":42,"column":6},"end":{"line":42,"column":11}},{"start":{"line":42,"column":15},"end":{"line":42,"column":39}}],"line":42},"12":{"loc":{"start":{"line":43,"column":2},"end":{"line":43,"column":90}},"type":"if","locations":[{"start":{"line":43,"column":2},"end":{"line":43,"column":90}},{"start":{},"end":{}}],"line":43},"13":{"loc":{"start":{"line":43,"column":6},"end":{"line":43,"column":60}},"type":"binary-expr","locations":[{"start":{"line":43,"column":6},"end":{"line":43,"column":33}},{"start":{"line":43,"column":37},"end":{"line":43,"column":60}}],"line":43},"14":{"loc":{"start":{"line":44,"column":2},"end":{"line":50,"column":3}},"type":"if","locations":[{"start":{"line":44,"column":2},"end":{"line":50,"column":3}},{"start":{},"end":{}}],"line":44},"15":{"loc":{"start":{"line":46,"column":6},"end":{"line":46,"column":76}},"type":"if","locations":[{"start":{"line":46,"column":6},"end":{"line":46,"column":76}},{"start":{},"end":{}}],"line":46},"16":{"loc":{"start":{"line":46,"column":10},"end":{"line":46,"column":30}},"type":"binary-expr","locations":[{"start":{"line":46,"column":10},"end":{"line":46,"column":17}},{"start":{"line":46,"column":21},"end":{"line":46,"column":30}}],"line":46},"17":{"loc":{"start":{"line":47,"column":6},"end":{"line":47,"column":98}},"type":"if","locations":[{"start":{"line":47,"column":6},"end":{"line":47,"column":98}},{"start":{},"end":{}}],"line":47},"18":{"loc":{"start":{"line":47,"column":10},"end":{"line":47,"column":55}},"type":"binary-expr","locations":[{"start":{"line":47,"column":10},"end":{"line":47,"column":39}},{"start":{"line":47,"column":43},"end":{"line":47,"column":55}}],"line":47},"19":{"loc":{"start":{"line":48,"column":6},"end":{"line":48,"column":93}},"type":"if","locations":[{"start":{"line":48,"column":6},"end":{"line":48,"column":93}},{"start":{},"end":{}}],"line":48},"20":{"loc":{"start":{"line":48,"column":10},"end":{"line":48,"column":52}},"type":"binary-expr","locations":[{"start":{"line":48,"column":10},"end":{"line":48,"column":37}},{"start":{"line":48,"column":41},"end":{"line":48,"column":52}}],"line":48},"21":{"loc":{"start":{"line":51,"column":2},"end":{"line":51,"column":97}},"type":"if","locations":[{"start":{"line":51,"column":2},"end":{"line":51,"column":97}},{"start":{},"end":{}}],"line":51},"22":{"loc":{"start":{"line":52,"column":2},"end":{"line":52,"column":54}},"type":"if","locations":[{"start":{"line":52,"column":2},"end":{"line":52,"column":54}},{"start":{},"end":{}}],"line":52},"23":{"loc":{"start":{"line":57,"column":2},"end":{"line":57,"column":28}},"type":"if","locations":[{"start":{"line":57,"column":2},"end":{"line":57,"column":28}},{"start":{},"end":{}}],"line":57},"24":{"loc":{"start":{"line":60,"column":16},"end":{"line":60,"column":68}},"type":"cond-expr","locations":[{"start":{"line":60,"column":44},"end":{"line":60,"column":49}},{"start":{"line":60,"column":52},"end":{"line":60,"column":68}}],"line":60},"25":{"loc":{"start":{"line":60,"column":52},"end":{"line":60,"column":68}},"type":"binary-expr","locations":[{"start":{"line":60,"column":52},"end":{"line":60,"column":62}},{"start":{"line":60,"column":66},"end":{"line":60,"column":68}}],"line":60},"26":{"loc":{"start":{"line":61,"column":20},"end":{"line":61,"column":41}},"type":"binary-expr","locations":[{"start":{"line":61,"column":20},"end":{"line":61,"column":32}},{"start":{"line":61,"column":36},"end":{"line":61,"column":41}}],"line":61},"27":{"loc":{"start":{"line":63,"column":4},"end":{"line":74,"column":5}},"type":"if","locations":[{"start":{"line":63,"column":4},"end":{"line":74,"column":5}},{"start":{},"end":{}}],"line":63},"28":{"loc":{"start":{"line":65,"column":22},"end":{"line":65,"column":50}},"type":"binary-expr","locations":[{"start":{"line":65,"column":22},"end":{"line":65,"column":42}},{"start":{"line":65,"column":46},"end":{"line":65,"column":50}}],"line":65},"29":{"loc":{"start":{"line":66,"column":21},"end":{"line":66,"column":62}},"type":"binary-expr","locations":[{"start":{"line":66,"column":21},"end":{"line":66,"column":49}},{"start":{"line":66,"column":53},"end":{"line":66,"column":62}}],"line":66},"30":{"loc":{"start":{"line":69,"column":6},"end":{"line":69,"column":67}},"type":"if","locations":[{"start":{"line":69,"column":6},"end":{"line":69,"column":67}},{"start":{},"end":{}}],"line":69},"31":{"loc":{"start":{"line":70,"column":6},"end":{"line":70,"column":66}},"type":"if","locations":[{"start":{"line":70,"column":6},"end":{"line":70,"column":66}},{"start":{},"end":{}}],"line":70},"32":{"loc":{"start":{"line":75,"column":4},"end":{"line":90,"column":5}},"type":"if","locations":[{"start":{"line":75,"column":4},"end":{"line":90,"column":5}},{"start":{},"end":{}}],"line":75},"33":{"loc":{"start":{"line":75,"column":8},"end":{"line":75,"column":52}},"type":"binary-expr","locations":[{"start":{"line":75,"column":8},"end":{"line":75,"column":31}},{"start":{"line":75,"column":35},"end":{"line":75,"column":52}}],"line":75},"34":{"loc":{"start":{"line":76,"column":34},"end":{"line":76,"column":53}},"type":"binary-expr","locations":[{"start":{"line":76,"column":34},"end":{"line":76,"column":47}},{"start":{"line":76,"column":51},"end":{"line":76,"column":53}}],"line":76},"35":{"loc":{"start":{"line":78,"column":19},"end":{"line":78,"column":57}},"type":"binary-expr","locations":[{"start":{"line":78,"column":19},"end":{"line":78,"column":47}},{"start":{"line":78,"column":51},"end":{"line":78,"column":57}}],"line":78},"36":{"loc":{"start":{"line":79,"column":6},"end":{"line":79,"column":116}},"type":"if","locations":[{"start":{"line":79,"column":6},"end":{"line":79,"column":116}},{"start":{},"end":{}}],"line":79},"37":{"loc":{"start":{"line":80,"column":6},"end":{"line":80,"column":115}},"type":"if","locations":[{"start":{"line":80,"column":6},"end":{"line":80,"column":115}},{"start":{},"end":{}}],"line":80},"38":{"loc":{"start":{"line":82,"column":36},"end":{"line":82,"column":75}},"type":"cond-expr","locations":[{"start":{"line":82,"column":49},"end":{"line":82,"column":70}},{"start":{"line":82,"column":73},"end":{"line":82,"column":75}}],"line":82},"39":{"loc":{"start":{"line":83,"column":6},"end":{"line":83,"column":110}},"type":"if","locations":[{"start":{"line":83,"column":6},"end":{"line":83,"column":110}},{"start":{},"end":{}}],"line":83},"40":{"loc":{"start":{"line":87,"column":106},"end":{"line":87,"column":137}},"type":"binary-expr","locations":[{"start":{"line":87,"column":106},"end":{"line":87,"column":124}},{"start":{"line":87,"column":128},"end":{"line":87,"column":137}}],"line":87},"41":{"loc":{"start":{"line":91,"column":4},"end":{"line":106,"column":5}},"type":"if","locations":[{"start":{"line":91,"column":4},"end":{"line":106,"column":5}},{"start":{},"end":{}}],"line":91},"42":{"loc":{"start":{"line":92,"column":34},"end":{"line":92,"column":53}},"type":"binary-expr","locations":[{"start":{"line":92,"column":34},"end":{"line":92,"column":47}},{"start":{"line":92,"column":51},"end":{"line":92,"column":53}}],"line":92},"43":{"loc":{"start":{"line":94,"column":19},"end":{"line":94,"column":57}},"type":"binary-expr","locations":[{"start":{"line":94,"column":19},"end":{"line":94,"column":47}},{"start":{"line":94,"column":51},"end":{"line":94,"column":57}}],"line":94},"44":{"loc":{"start":{"line":95,"column":6},"end":{"line":95,"column":116}},"type":"if","locations":[{"start":{"line":95,"column":6},"end":{"line":95,"column":116}},{"start":{},"end":{}}],"line":95},"45":{"loc":{"start":{"line":97,"column":17},"end":{"line":97,"column":50}},"type":"binary-expr","locations":[{"start":{"line":97,"column":17},"end":{"line":97,"column":44}},{"start":{"line":97,"column":48},"end":{"line":97,"column":50}}],"line":97},"46":{"loc":{"start":{"line":99,"column":6},"end":{"line":99,"column":129}},"type":"if","locations":[{"start":{"line":99,"column":6},"end":{"line":99,"column":129}},{"start":{},"end":{}}],"line":99},"47":{"loc":{"start":{"line":100,"column":6},"end":{"line":100,"column":116}},"type":"if","locations":[{"start":{"line":100,"column":6},"end":{"line":100,"column":116}},{"start":{},"end":{}}],"line":100},"48":{"loc":{"start":{"line":102,"column":6},"end":{"line":102,"column":112}},"type":"if","locations":[{"start":{"line":102,"column":6},"end":{"line":102,"column":112}},{"start":{},"end":{}}],"line":102},"49":{"loc":{"start":{"line":104,"column":6},"end":{"line":104,"column":95}},"type":"if","locations":[{"start":{"line":104,"column":6},"end":{"line":104,"column":95}},{"start":{},"end":{}}],"line":104},"50":{"loc":{"start":{"line":107,"column":4},"end":{"line":120,"column":5}},"type":"if","locations":[{"start":{"line":107,"column":4},"end":{"line":120,"column":5}},{"start":{},"end":{}}],"line":107},"51":{"loc":{"start":{"line":111,"column":34},"end":{"line":111,"column":53}},"type":"binary-expr","locations":[{"start":{"line":111,"column":34},"end":{"line":111,"column":47}},{"start":{"line":111,"column":51},"end":{"line":111,"column":53}}],"line":111},"52":{"loc":{"start":{"line":112,"column":19},"end":{"line":112,"column":57}},"type":"binary-expr","locations":[{"start":{"line":112,"column":19},"end":{"line":112,"column":47}},{"start":{"line":112,"column":51},"end":{"line":112,"column":57}}],"line":112},"53":{"loc":{"start":{"line":113,"column":6},"end":{"line":113,"column":116}},"type":"if","locations":[{"start":{"line":113,"column":6},"end":{"line":113,"column":116}},{"start":{},"end":{}}],"line":113},"54":{"loc":{"start":{"line":114,"column":6},"end":{"line":114,"column":106}},"type":"if","locations":[{"start":{"line":114,"column":6},"end":{"line":114,"column":106}},{"start":{},"end":{}}],"line":114},"55":{"loc":{"start":{"line":115,"column":6},"end":{"line":115,"column":110}},"type":"if","locations":[{"start":{"line":115,"column":6},"end":{"line":115,"column":110}},{"start":{},"end":{}}],"line":115},"56":{"loc":{"start":{"line":121,"column":4},"end":{"line":145,"column":5}},"type":"if","locations":[{"start":{"line":121,"column":4},"end":{"line":145,"column":5}},{"start":{},"end":{}}],"line":121},"57":{"loc":{"start":{"line":125,"column":34},"end":{"line":125,"column":53}},"type":"binary-expr","locations":[{"start":{"line":125,"column":34},"end":{"line":125,"column":47}},{"start":{"line":125,"column":51},"end":{"line":125,"column":53}}],"line":125},"58":{"loc":{"start":{"line":126,"column":19},"end":{"line":126,"column":57}},"type":"binary-expr","locations":[{"start":{"line":126,"column":19},"end":{"line":126,"column":47}},{"start":{"line":126,"column":51},"end":{"line":126,"column":57}}],"line":126},"59":{"loc":{"start":{"line":127,"column":6},"end":{"line":127,"column":116}},"type":"if","locations":[{"start":{"line":127,"column":6},"end":{"line":127,"column":116}},{"start":{},"end":{}}],"line":127},"60":{"loc":{"start":{"line":128,"column":6},"end":{"line":128,"column":106}},"type":"if","locations":[{"start":{"line":128,"column":6},"end":{"line":128,"column":106}},{"start":{},"end":{}}],"line":128},"61":{"loc":{"start":{"line":129,"column":6},"end":{"line":129,"column":110}},"type":"if","locations":[{"start":{"line":129,"column":6},"end":{"line":129,"column":110}},{"start":{},"end":{}}],"line":129},"62":{"loc":{"start":{"line":135,"column":25},"end":{"line":135,"column":62}},"type":"cond-expr","locations":[{"start":{"line":135,"column":47},"end":{"line":135,"column":50}},{"start":{"line":135,"column":53},"end":{"line":135,"column":62}}],"line":135},"63":{"loc":{"start":{"line":136,"column":25},"end":{"line":136,"column":61}},"type":"cond-expr","locations":[{"start":{"line":136,"column":47},"end":{"line":136,"column":49}},{"start":{"line":136,"column":52},"end":{"line":136,"column":61}}],"line":136},"64":{"loc":{"start":{"line":146,"column":4},"end":{"line":176,"column":5}},"type":"if","locations":[{"start":{"line":146,"column":4},"end":{"line":176,"column":5}},{"start":{},"end":{}}],"line":146},"65":{"loc":{"start":{"line":150,"column":34},"end":{"line":150,"column":53}},"type":"binary-expr","locations":[{"start":{"line":150,"column":34},"end":{"line":150,"column":47}},{"start":{"line":150,"column":51},"end":{"line":150,"column":53}}],"line":150},"66":{"loc":{"start":{"line":151,"column":19},"end":{"line":151,"column":57}},"type":"binary-expr","locations":[{"start":{"line":151,"column":19},"end":{"line":151,"column":47}},{"start":{"line":151,"column":51},"end":{"line":151,"column":57}}],"line":151},"67":{"loc":{"start":{"line":152,"column":6},"end":{"line":152,"column":116}},"type":"if","locations":[{"start":{"line":152,"column":6},"end":{"line":152,"column":116}},{"start":{},"end":{}}],"line":152},"68":{"loc":{"start":{"line":153,"column":6},"end":{"line":153,"column":106}},"type":"if","locations":[{"start":{"line":153,"column":6},"end":{"line":153,"column":106}},{"start":{},"end":{}}],"line":153},"69":{"loc":{"start":{"line":154,"column":6},"end":{"line":154,"column":110}},"type":"if","locations":[{"start":{"line":154,"column":6},"end":{"line":154,"column":110}},{"start":{},"end":{}}],"line":154},"70":{"loc":{"start":{"line":174,"column":19},"end":{"line":174,"column":59}},"type":"binary-expr","locations":[{"start":{"line":174,"column":19},"end":{"line":174,"column":40}},{"start":{"line":174,"column":44},"end":{"line":174,"column":59}}],"line":174},"71":{"loc":{"start":{"line":183,"column":2},"end":{"line":186,"column":3}},"type":"if","locations":[{"start":{"line":183,"column":2},"end":{"line":186,"column":3}},{"start":{},"end":{}}],"line":183}},"s":{"0":18,"1":18,"2":18,"3":0,"4":0,"5":0,"6":0,"7":0,"8":0,"9":0,"10":1,"11":1,"12":6,"13":37,"14":37,"15":37,"16":168,"17":37,"18":37,"19":37,"20":18,"21":18,"22":1,"23":17,"24":1,"25":16,"26":2,"27":2,"28":0,"29":2,"30":1,"31":2,"32":2,"33":1,"34":0,"35":1,"36":0,"37":1,"38":0,"39":2,"40":0,"41":2,"42":1,"43":1,"44":18,"45":0,"46":18,"47":18,"48":37,"49":37,"50":37,"51":37,"52":0,"53":0,"54":0,"55":0,"56":0,"57":0,"58":0,"59":0,"60":0,"61":0,"62":0,"63":0,"64":0,"65":37,"66":3,"67":3,"68":3,"69":3,"70":0,"71":3,"72":1,"73":2,"74":2,"75":2,"76":2,"77":1,"78":1,"79":1,"80":1,"81":1,"82":1,"83":1,"84":34,"85":15,"86":15,"87":15,"88":15,"89":8,"90":7,"91":7,"92":7,"93":7,"94":1,"95":6,"96":1,"97":5,"98":5,"99":5,"100":1,"101":4,"102":4,"103":1,"104":3,"105":19,"106":13,"107":13,"108":13,"109":13,"110":13,"111":13,"112":1,"113":12,"114":0,"115":12,"116":1,"117":11,"118":11,"119":10,"120":10,"121":10,"122":6,"123":3,"124":3,"125":3,"126":3,"127":3,"128":3,"129":0,"130":3,"131":0,"132":3,"133":0,"134":3,"135":3,"136":2,"137":2,"138":3,"139":3,"140":3,"141":3,"142":3,"143":3,"144":3,"145":0,"146":3,"147":0,"148":3,"149":0,"150":3,"151":3,"152":2,"153":2,"154":2,"155":0,"156":18,"157":18,"158":18,"159":18,"160":0,"161":34},"f":{"0":0,"1":0,"2":1,"3":1,"4":6,"5":37,"6":168,"7":18,"8":2,"9":1,"10":18,"11":37,"12":0,"13":2,"14":5,"15":11,"16":3,"17":3,"18":18,"19":0,"20":34},"b":{"0":[0,0],"1":[0,0,0,0],"2":[0,0],"3":[37],"4":[37],"5":[37,7],"6":[18,1],"7":[1,17],"8":[1,16],"9":[17,17],"10":[0,2],"11":[2,2],"12":[1,1],"13":[2,2],"14":[2,0],"15":[0,1],"16":[1,1],"17":[0,1],"18":[1,1],"19":[0,1],"20":[1,1],"21":[0,2],"22":[1,1],"23":[0,18],"24":[37,0],"25":[0,0],"26":[37,34],"27":[0,37],"28":[0,0],"29":[0,0],"30":[0,0],"31":[0,0],"32":[3,34],"33":[37,3],"34":[3,0],"35":[3,1],"36":[0,3],"37":[1,2],"38":[2,0],"39":[1,1],"40":[1,0],"41":[15,19],"42":[15,0],"43":[15,0],"44":[8,7],"45":[7,0],"46":[1,6],"47":[1,5],"48":[1,4],"49":[1,3],"50":[13,6],"51":[13,4],"52":[13,4],"53":[1,12],"54":[0,12],"55":[1,11],"56":[3,3],"57":[3,3],"58":[3,3],"59":[0,3],"60":[0,3],"61":[0,3],"62":[1,1],"63":[1,1],"64":[3,0],"65":[3,3],"66":[3,3],"67":[0,3],"68":[0,3],"69":[0,3],"70":[2,0],"71":[18,0]},"_coverageSchema":"1a1c01bbd47fc00a2c39e90264f33305004495a9","hash":"5c12816f299d79b7d65923d3d703e61c7ffb37f9"}
,"C:\\Users\\hp\\Documents\\Oladinno's Codes\\ErrandFront\\src\\screens\\ChatDetailScreen.tsx": {"path":"C:\\Users\\hp\\Documents\\Oladinno's Codes\\ErrandFront\\src\\screens\\ChatDetailScreen.tsx","statementMap":{"0":{"start":{"line":12,"column":16},"end":{"line":12,"column":26}},"1":{"start":{"line":13,"column":21},"end":{"line":13,"column":79}},"2":{"start":{"line":14,"column":19},"end":{"line":14,"column":70}},"3":{"start":{"line":14,"column":43},"end":{"line":14,"column":61}},"4":{"start":{"line":15,"column":17},"end":{"line":15,"column":82}},"5":{"start":{"line":15,"column":41},"end":{"line":15,"column":81}},"6":{"start":{"line":15,"column":63},"end":{"line":15,"column":80}},"7":{"start":{"line":16,"column":19},"end":{"line":16,"column":54}},"8":{"start":{"line":16,"column":43},"end":{"line":16,"column":53}},"9":{"start":{"line":17,"column":22},"end":{"line":17,"column":60}},"10":{"start":{"line":17,"column":46},"end":{"line":17,"column":59}},"11":{"start":{"line":18,"column":19},"end":{"line":18,"column":60}},"12":{"start":{"line":18,"column":43},"end":{"line":18,"column":59}},"13":{"start":{"line":19,"column":34},"end":{"line":19,"column":55}},"14":{"start":{"line":20,"column":26},"end":{"line":20,"column":44}},"15":{"start":{"line":22,"column":27},"end":{"line":25,"column":3}},"16":{"start":{"line":23,"column":10},"end":{"line":23,"column":57}},"17":{"start":{"line":23,"column":33},"end":{"line":23,"column":56}},"18":{"start":{"line":27,"column":2},"end":{"line":29,"column":40}},"19":{"start":{"line":28,"column":4},"end":{"line":28,"column":62}},"20":{"start":{"line":28,"column":42},"end":{"line":28,"column":62}},"21":{"start":{"line":31,"column":21},"end":{"line":47,"column":3}},"22":{"start":{"line":32,"column":19},"end":{"line":32,"column":41}},"23":{"start":{"line":33,"column":37},"end":{"line":35,"column":124}},"24":{"start":{"line":36,"column":24},"end":{"line":36,"column":54}},"25":{"start":{"line":37,"column":22},"end":{"line":37,"column":75}},"26":{"start":{"line":38,"column":17},"end":{"line":38,"column":104}},"27":{"start":{"line":39,"column":4},"end":{"line":46,"column":6}},"28":{"start":{"line":49,"column":2},"end":{"line":95,"column":4}},"29":{"start":{"line":53,"column":36},"end":{"line":53,"column":67}},"30":{"start":{"line":60,"column":36},"end":{"line":60,"column":58}},"31":{"start":{"line":60,"column":55},"end":{"line":60,"column":57}},"32":{"start":{"line":72,"column":31},"end":{"line":72,"column":35}},"33":{"start":{"line":87,"column":39},"end":{"line":87,"column":50}},"34":{"start":{"line":87,"column":52},"end":{"line":87,"column":67}},"35":{"start":{"line":87,"column":60},"end":{"line":87,"column":67}},"36":{"start":{"line":87,"column":68},"end":{"line":87,"column":93}},"37":{"start":{"line":87,"column":94},"end":{"line":87,"column":106}},"38":{"start":{"line":98,"column":15},"end":{"line":106,"column":2}}},"fnMap":{"0":{"name":"ChatDetailScreen","decl":{"start":{"line":11,"column":24},"end":{"line":11,"column":40}},"loc":{"start":{"line":11,"column":43},"end":{"line":96,"column":1}},"line":11},"1":{"name":"(anonymous_1)","decl":{"start":{"line":14,"column":36},"end":{"line":14,"column":37}},"loc":{"start":{"line":14,"column":43},"end":{"line":14,"column":61}},"line":14},"2":{"name":"(anonymous_2)","decl":{"start":{"line":15,"column":34},"end":{"line":15,"column":35}},"loc":{"start":{"line":15,"column":41},"end":{"line":15,"column":81}},"line":15},"3":{"name":"(anonymous_3)","decl":{"start":{"line":15,"column":56},"end":{"line":15,"column":57}},"loc":{"start":{"line":15,"column":63},"end":{"line":15,"column":80}},"line":15},"4":{"name":"(anonymous_4)","decl":{"start":{"line":16,"column":36},"end":{"line":16,"column":37}},"loc":{"start":{"line":16,"column":43},"end":{"line":16,"column":53}},"line":16},"5":{"name":"(anonymous_5)","decl":{"start":{"line":17,"column":39},"end":{"line":17,"column":40}},"loc":{"start":{"line":17,"column":46},"end":{"line":17,"column":59}},"line":17},"6":{"name":"(anonymous_6)","decl":{"start":{"line":18,"column":36},"end":{"line":18,"column":37}},"loc":{"start":{"line":18,"column":43},"end":{"line":18,"column":59}},"line":18},"7":{"name":"(anonymous_7)","decl":{"start":{"line":23,"column":4},"end":{"line":23,"column":5}},"loc":{"start":{"line":23,"column":10},"end":{"line":23,"column":57}},"line":23},"8":{"name":"(anonymous_8)","decl":{"start":{"line":23,"column":26},"end":{"line":23,"column":27}},"loc":{"start":{"line":23,"column":33},"end":{"line":23,"column":56}},"line":23},"9":{"name":"(anonymous_9)","decl":{"start":{"line":27,"column":18},"end":{"line":27,"column":19}},"loc":{"start":{"line":27,"column":24},"end":{"line":29,"column":3}},"line":27},"10":{"name":"(anonymous_10)","decl":{"start":{"line":31,"column":21},"end":{"line":31,"column":22}},"loc":{"start":{"line":31,"column":40},"end":{"line":47,"column":3}},"line":31},"11":{"name":"(anonymous_11)","decl":{"start":{"line":53,"column":30},"end":{"line":53,"column":31}},"loc":{"start":{"line":53,"column":36},"end":{"line":53,"column":67}},"line":53},"12":{"name":"(anonymous_12)","decl":{"start":{"line":60,"column":30},"end":{"line":60,"column":31}},"loc":{"start":{"line":60,"column":36},"end":{"line":60,"column":58}},"line":60},"13":{"name":"(anonymous_13)","decl":{"start":{"line":60,"column":48},"end":{"line":60,"column":49}},"loc":{"start":{"line":60,"column":55},"end":{"line":60,"column":57}},"line":60},"14":{"name":"(anonymous_14)","decl":{"start":{"line":72,"column":24},"end":{"line":72,"column":25}},"loc":{"start":{"line":72,"column":31},"end":{"line":72,"column":35}},"line":72},"15":{"name":"(anonymous_15)","decl":{"start":{"line":87,"column":21},"end":{"line":87,"column":22}},"loc":{"start":{"line":87,"column":27},"end":{"line":87,"column":108}},"line":87}},"branchMap":{"0":{"loc":{"start":{"line":14,"column":19},"end":{"line":14,"column":70}},"type":"binary-expr","locations":[{"start":{"line":14,"column":19},"end":{"line":14,"column":62}},{"start":{"line":14,"column":66},"end":{"line":14,"column":70}}],"line":14},"1":{"loc":{"start":{"line":28,"column":4},"end":{"line":28,"column":62}},"type":"if","locations":[{"start":{"line":28,"column":4},"end":{"line":28,"column":62}},{"start":{},"end":{}}],"line":28},"2":{"loc":{"start":{"line":28,"column":8},"end":{"line":28,"column":40}},"type":"binary-expr","locations":[{"start":{"line":28,"column":8},"end":{"line":28,"column":14}},{"start":{"line":28,"column":18},"end":{"line":28,"column":40}}],"line":28},"3":{"loc":{"start":{"line":33,"column":37},"end":{"line":35,"column":124}},"type":"cond-expr","locations":[{"start":{"line":34,"column":8},"end":{"line":34,"column":71}},{"start":{"line":35,"column":8},"end":{"line":35,"column":124}}],"line":33},"4":{"loc":{"start":{"line":37,"column":31},"end":{"line":37,"column":73}},"type":"cond-expr","locations":[{"start":{"line":37,"column":40},"end":{"line":37,"column":46}},{"start":{"line":37,"column":49},"end":{"line":37,"column":73}}],"line":37},"5":{"loc":{"start":{"line":41,"column":54},"end":{"line":41,"column":95}},"type":"cond-expr","locations":[{"start":{"line":41,"column":63},"end":{"line":41,"column":76}},{"start":{"line":41,"column":79},"end":{"line":41,"column":95}}],"line":41},"6":{"loc":{"start":{"line":44,"column":97},"end":{"line":44,"column":131}},"type":"cond-expr","locations":[{"start":{"line":44,"column":106},"end":{"line":44,"column":116}},{"start":{"line":44,"column":119},"end":{"line":44,"column":131}}],"line":44},"7":{"loc":{"start":{"line":51,"column":38},"end":{"line":51,"column":83}},"type":"cond-expr","locations":[{"start":{"line":51,"column":62},"end":{"line":51,"column":71}},{"start":{"line":51,"column":74},"end":{"line":51,"column":83}}],"line":51},"8":{"loc":{"start":{"line":57,"column":82},"end":{"line":57,"column":111}},"type":"binary-expr","locations":[{"start":{"line":57,"column":82},"end":{"line":57,"column":101}},{"start":{"line":57,"column":105},"end":{"line":57,"column":111}}],"line":57},"9":{"loc":{"start":{"line":58,"column":13},"end":{"line":58,"column":125}},"type":"binary-expr","locations":[{"start":{"line":58,"column":13},"end":{"line":58,"column":31}},{"start":{"line":58,"column":35},"end":{"line":58,"column":125}}],"line":58},"10":{"loc":{"start":{"line":64,"column":9},"end":{"line":69,"column":9}},"type":"binary-expr","locations":[{"start":{"line":64,"column":9},"end":{"line":64,"column":17}},{"start":{"line":65,"column":10},"end":{"line":68,"column":17}}],"line":64},"11":{"loc":{"start":{"line":87,"column":52},"end":{"line":87,"column":67}},"type":"if","locations":[{"start":{"line":87,"column":52},"end":{"line":87,"column":67}},{"start":{},"end":{}}],"line":87},"12":{"loc":{"start":{"line":88,"column":47},"end":{"line":88,"column":68}},"type":"cond-expr","locations":[{"start":{"line":88,"column":61},"end":{"line":88,"column":62}},{"start":{"line":88,"column":65},"end":{"line":88,"column":68}}],"line":88}},"s":{"0":5,"1":5,"2":5,"3":5,"4":5,"5":5,"6":5,"7":5,"8":5,"9":5,"10":5,"11":5,"12":5,"13":5,"14":5,"15":5,"16":5,"17":10,"18":5,"19":3,"20":3,"21":5,"22":10,"23":10,"24":10,"25":10,"26":10,"27":10,"28":5,"29":0,"30":0,"31":0,"32":13,"33":1,"34":1,"35":0,"36":1,"37":1,"38":1},"f":{"0":5,"1":5,"2":5,"3":5,"4":5,"5":5,"6":5,"7":5,"8":10,"9":3,"10":10,"11":0,"12":0,"13":0,"14":13,"15":1},"b":{"0":[5,0],"1":[3,0],"2":[3,3],"3":[5,5],"4":[5,5],"5":[5,5],"6":[5,5],"7":[5,0],"8":[5,0],"9":[5,5],"10":[5,0],"11":[0,1],"12":[1,4]},"_coverageSchema":"1a1c01bbd47fc00a2c39e90264f33305004495a9","hash":"b7053daa40dc76c76d60caa57ce27851c76017ae"}
,"C:\\Users\\hp\\Documents\\Oladinno's Codes\\ErrandFront\\src\\screens\\CheckoutScreen.tsx": {"path":"C:\\Users\\hp\\Documents\\Oladinno's Codes\\ErrandFront\\src\\screens\\CheckoutScreen.tsx","statementMap":{"0":{"start":{"line":19,"column":16},"end":{"line":19,"column":26}},"1":{"start":{"line":20,"column":21},"end":{"line":20,"column":41}},"2":{"start":{"line":21,"column":15},"end":{"line":21,"column":41}},"3":{"start":{"line":21,"column":34},"end":{"line":21,"column":40}},"4":{"start":{"line":22,"column":29},"end":{"line":22,"column":69}},"5":{"start":{"line":22,"column":48},"end":{"line":22,"column":68}},"6":{"start":{"line":23,"column":40},"end":{"line":23,"column":71}},"7":{"start":{"line":24,"column":46},"end":{"line":24,"column":81}},"8":{"start":{"line":25,"column":28},"end":{"line":25,"column":186}},"9":{"start":{"line":25,"column":60},"end":{"line":25,"column":185}},"10":{"start":{"line":25,"column":77},"end":{"line":25,"column":183}},"11":{"start":{"line":26,"column":34},"end":{"line":26,"column":55}},"12":{"start":{"line":27,"column":38},"end":{"line":27,"column":56}},"13":{"start":{"line":28,"column":44},"end":{"line":28,"column":83}},"14":{"start":{"line":29,"column":32},"end":{"line":29,"column":53}},"15":{"start":{"line":30,"column":17},"end":{"line":30,"column":45}},"16":{"start":{"line":30,"column":36},"end":{"line":30,"column":44}},"17":{"start":{"line":31,"column":22},"end":{"line":31,"column":26}},"18":{"start":{"line":32,"column":21},"end":{"line":32,"column":24}},"19":{"start":{"line":33,"column":24},"end":{"line":33,"column":29}},"20":{"start":{"line":34,"column":35},"end":{"line":34,"column":117}},"21":{"start":{"line":35,"column":30},"end":{"line":35,"column":70}},"22":{"start":{"line":36,"column":44},"end":{"line":36,"column":83}},"23":{"start":{"line":37,"column":36},"end":{"line":37,"column":57}},"24":{"start":{"line":38,"column":34},"end":{"line":38,"column":69}},"25":{"start":{"line":40,"column":2},"end":{"line":42,"column":13}},"26":{"start":{"line":41,"column":4},"end":{"line":41,"column":140}},"27":{"start":{"line":41,"column":30},"end":{"line":41,"column":136}},"28":{"start":{"line":44,"column":19},"end":{"line":44,"column":104}},"29":{"start":{"line":44,"column":39},"end":{"line":44,"column":94}},"30":{"start":{"line":44,"column":64},"end":{"line":44,"column":90}},"31":{"start":{"line":45,"column":16},"end":{"line":45,"column":68}},"32":{"start":{"line":47,"column":17},"end":{"line":47,"column":57}},"33":{"start":{"line":47,"column":32},"end":{"line":47,"column":57}},"34":{"start":{"line":48,"column":25},"end":{"line":48,"column":122}},"35":{"start":{"line":48,"column":52},"end":{"line":48,"column":121}},"36":{"start":{"line":50,"column":2},"end":{"line":65,"column":9}},"37":{"start":{"line":51,"column":17},"end":{"line":51,"column":21}},"38":{"start":{"line":52,"column":4},"end":{"line":63,"column":9}},"39":{"start":{"line":53,"column":6},"end":{"line":62,"column":7}},"40":{"start":{"line":54,"column":21},"end":{"line":54,"column":71}},"41":{"start":{"line":55,"column":8},"end":{"line":55,"column":93}},"42":{"start":{"line":55,"column":41},"end":{"line":55,"column":83}},"43":{"start":{"line":55,"column":84},"end":{"line":55,"column":91}},"44":{"start":{"line":56,"column":20},"end":{"line":56,"column":96}},"45":{"start":{"line":57,"column":8},"end":{"line":57,"column":28}},"46":{"start":{"line":57,"column":21},"end":{"line":57,"column":28}},"47":{"start":{"line":58,"column":40},"end":{"line":58,"column":50}},"48":{"start":{"line":59,"column":8},"end":{"line":59,"column":58}},"49":{"start":{"line":59,"column":26},"end":{"line":59,"column":55}},"50":{"start":{"line":61,"column":8},"end":{"line":61,"column":56}},"51":{"start":{"line":64,"column":4},"end":{"line":64,"column":37}},"52":{"start":{"line":64,"column":19},"end":{"line":64,"column":34}},"53":{"start":{"line":68,"column":2},"end":{"line":238,"column":4}},"54":{"start":{"line":73,"column":38},"end":{"line":73,"column":57}},"55":{"start":{"line":77,"column":38},"end":{"line":77,"column":60}},"56":{"start":{"line":77,"column":57},"end":{"line":77,"column":59}},"57":{"start":{"line":90,"column":35},"end":{"line":90,"column":54}},"58":{"start":{"line":91,"column":32},"end":{"line":91,"column":50}},"59":{"start":{"line":92,"column":41},"end":{"line":92,"column":53}},"60":{"start":{"line":109,"column":133},"end":{"line":109,"column":155}},"61":{"start":{"line":137,"column":44},"end":{"line":137,"column":62}},"62":{"start":{"line":140,"column":44},"end":{"line":140,"column":61}},"63":{"start":{"line":162,"column":20},"end":{"line":168,"column":27}},"64":{"start":{"line":176,"column":44},"end":{"line":176,"column":68}},"65":{"start":{"line":183,"column":44},"end":{"line":183,"column":68}},"66":{"start":{"line":207,"column":40},"end":{"line":207,"column":207}},"67":{"start":{"line":207,"column":80},"end":{"line":207,"column":112}},"68":{"start":{"line":207,"column":114},"end":{"line":207,"column":136}},"69":{"start":{"line":207,"column":137},"end":{"line":207,"column":163}},"70":{"start":{"line":207,"column":171},"end":{"line":207,"column":207}},"71":{"start":{"line":221,"column":14},"end":{"line":229,"column":15}},"72":{"start":{"line":222,"column":16},"end":{"line":222,"column":33}},"73":{"start":{"line":223,"column":27},"end":{"line":223,"column":104}},"74":{"start":{"line":223,"column":64},"end":{"line":223,"column":86}},"75":{"start":{"line":224,"column":16},"end":{"line":224,"column":115}},"76":{"start":{"line":226,"column":16},"end":{"line":226,"column":55}},"77":{"start":{"line":228,"column":16},"end":{"line":228,"column":57}},"78":{"start":{"line":228,"column":33},"end":{"line":228,"column":50}},"79":{"start":{"line":242,"column":16},"end":{"line":242,"column":52}},"80":{"start":{"line":243,"column":13},"end":{"line":243,"column":102}},"81":{"start":{"line":244,"column":16},"end":{"line":244,"column":43}},"82":{"start":{"line":245,"column":2},"end":{"line":245,"column":54}},"83":{"start":{"line":249,"column":14},"end":{"line":249,"column":103}},"84":{"start":{"line":250,"column":14},"end":{"line":250,"column":101}},"85":{"start":{"line":251,"column":2},"end":{"line":251,"column":43}},"86":{"start":{"line":255,"column":12},"end":{"line":255,"column":119}},"87":{"start":{"line":256,"column":12},"end":{"line":256,"column":114}},"88":{"start":{"line":257,"column":2},"end":{"line":257,"column":18}},"89":{"start":{"line":261,"column":26},"end":{"line":261,"column":145}},"90":{"start":{"line":262,"column":27},"end":{"line":262,"column":169}},"91":{"start":{"line":263,"column":2},"end":{"line":263,"column":23}},"92":{"start":{"line":267,"column":2},"end":{"line":274,"column":3}},"93":{"start":{"line":268,"column":17},"end":{"line":268,"column":67}},"94":{"start":{"line":269,"column":4},"end":{"line":269,"column":47}},"95":{"start":{"line":269,"column":35},"end":{"line":269,"column":47}},"96":{"start":{"line":270,"column":16},"end":{"line":270,"column":92}},"97":{"start":{"line":271,"column":4},"end":{"line":271,"column":78}},"98":{"start":{"line":273,"column":4},"end":{"line":273,"column":16}},"99":{"start":{"line":278,"column":16},"end":{"line":278,"column":26}},"100":{"start":{"line":279,"column":32},"end":{"line":279,"column":166}},"101":{"start":{"line":280,"column":2},"end":{"line":297,"column":4}},"102":{"start":{"line":284,"column":37},"end":{"line":284,"column":169}},"103":{"start":{"line":286,"column":24},"end":{"line":286,"column":34}},"104":{"start":{"line":287,"column":22},"end":{"line":287,"column":128}},"105":{"start":{"line":290,"column":8},"end":{"line":294,"column":17}},"106":{"start":{"line":300,"column":15},"end":{"line":320,"column":2}}},"fnMap":{"0":{"name":"CheckoutScreen","decl":{"start":{"line":18,"column":24},"end":{"line":18,"column":38}},"loc":{"start":{"line":18,"column":41},"end":{"line":239,"column":1}},"line":18},"1":{"name":"(anonymous_1)","decl":{"start":{"line":21,"column":27},"end":{"line":21,"column":28}},"loc":{"start":{"line":21,"column":34},"end":{"line":21,"column":40}},"line":21},"2":{"name":"(anonymous_2)","decl":{"start":{"line":22,"column":41},"end":{"line":22,"column":42}},"loc":{"start":{"line":22,"column":48},"end":{"line":22,"column":68}},"line":22},"3":{"name":"(anonymous_3)","decl":{"start":{"line":25,"column":54},"end":{"line":25,"column":55}},"loc":{"start":{"line":25,"column":60},"end":{"line":25,"column":185}},"line":25},"4":{"name":"(anonymous_4)","decl":{"start":{"line":25,"column":69},"end":{"line":25,"column":70}},"loc":{"start":{"line":25,"column":77},"end":{"line":25,"column":183}},"line":25},"5":{"name":"(anonymous_5)","decl":{"start":{"line":30,"column":29},"end":{"line":30,"column":30}},"loc":{"start":{"line":30,"column":36},"end":{"line":30,"column":44}},"line":30},"6":{"name":"(anonymous_6)","decl":{"start":{"line":40,"column":18},"end":{"line":40,"column":19}},"loc":{"start":{"line":40,"column":24},"end":{"line":42,"column":3}},"line":40},"7":{"name":"(anonymous_7)","decl":{"start":{"line":41,"column":22},"end":{"line":41,"column":23}},"loc":{"start":{"line":41,"column":30},"end":{"line":41,"column":136}},"line":41},"8":{"name":"(anonymous_8)","decl":{"start":{"line":44,"column":33},"end":{"line":44,"column":34}},"loc":{"start":{"line":44,"column":39},"end":{"line":44,"column":94}},"line":44},"9":{"name":"(anonymous_9)","decl":{"start":{"line":44,"column":52},"end":{"line":44,"column":53}},"loc":{"start":{"line":44,"column":64},"end":{"line":44,"column":90}},"line":44},"10":{"name":"(anonymous_10)","decl":{"start":{"line":47,"column":17},"end":{"line":47,"column":18}},"loc":{"start":{"line":47,"column":32},"end":{"line":47,"column":57}},"line":47},"11":{"name":"(anonymous_11)","decl":{"start":{"line":48,"column":25},"end":{"line":48,"column":26}},"loc":{"start":{"line":48,"column":52},"end":{"line":48,"column":121}},"line":48},"12":{"name":"(anonymous_12)","decl":{"start":{"line":50,"column":18},"end":{"line":50,"column":19}},"loc":{"start":{"line":50,"column":24},"end":{"line":65,"column":3}},"line":50},"13":{"name":"(anonymous_13)","decl":{"start":{"line":52,"column":5},"end":{"line":52,"column":6}},"loc":{"start":{"line":52,"column":17},"end":{"line":63,"column":5}},"line":52},"14":{"name":"(anonymous_14)","decl":{"start":{"line":59,"column":18},"end":{"line":59,"column":19}},"loc":{"start":{"line":59,"column":26},"end":{"line":59,"column":55}},"line":59},"15":{"name":"(anonymous_15)","decl":{"start":{"line":64,"column":11},"end":{"line":64,"column":12}},"loc":{"start":{"line":64,"column":17},"end":{"line":64,"column":36}},"line":64},"16":{"name":"(anonymous_16)","decl":{"start":{"line":73,"column":32},"end":{"line":73,"column":33}},"loc":{"start":{"line":73,"column":38},"end":{"line":73,"column":57}},"line":73},"17":{"name":"(anonymous_17)","decl":{"start":{"line":77,"column":32},"end":{"line":77,"column":33}},"loc":{"start":{"line":77,"column":38},"end":{"line":77,"column":60}},"line":77},"18":{"name":"(anonymous_18)","decl":{"start":{"line":77,"column":50},"end":{"line":77,"column":51}},"loc":{"start":{"line":77,"column":57},"end":{"line":77,"column":59}},"line":77},"19":{"name":"(anonymous_19)","decl":{"start":{"line":90,"column":28},"end":{"line":90,"column":29}},"loc":{"start":{"line":90,"column":35},"end":{"line":90,"column":54}},"line":90},"20":{"name":"(anonymous_20)","decl":{"start":{"line":91,"column":26},"end":{"line":91,"column":27}},"loc":{"start":{"line":91,"column":32},"end":{"line":91,"column":50}},"line":91},"21":{"name":"(anonymous_21)","decl":{"start":{"line":92,"column":34},"end":{"line":92,"column":35}},"loc":{"start":{"line":92,"column":41},"end":{"line":92,"column":53}},"line":92},"22":{"name":"(anonymous_22)","decl":{"start":{"line":109,"column":127},"end":{"line":109,"column":128}},"loc":{"start":{"line":109,"column":133},"end":{"line":109,"column":155}},"line":109},"23":{"name":"(anonymous_23)","decl":{"start":{"line":137,"column":38},"end":{"line":137,"column":39}},"loc":{"start":{"line":137,"column":44},"end":{"line":137,"column":62}},"line":137},"24":{"name":"(anonymous_24)","decl":{"start":{"line":140,"column":38},"end":{"line":140,"column":39}},"loc":{"start":{"line":140,"column":44},"end":{"line":140,"column":61}},"line":140},"25":{"name":"(anonymous_25)","decl":{"start":{"line":161,"column":29},"end":{"line":161,"column":30}},"loc":{"start":{"line":162,"column":20},"end":{"line":168,"column":27}},"line":162},"26":{"name":"(anonymous_26)","decl":{"start":{"line":176,"column":38},"end":{"line":176,"column":39}},"loc":{"start":{"line":176,"column":44},"end":{"line":176,"column":68}},"line":176},"27":{"name":"(anonymous_27)","decl":{"start":{"line":183,"column":38},"end":{"line":183,"column":39}},"loc":{"start":{"line":183,"column":44},"end":{"line":183,"column":68}},"line":183},"28":{"name":"(anonymous_28)","decl":{"start":{"line":207,"column":32},"end":{"line":207,"column":33}},"loc":{"start":{"line":207,"column":38},"end":{"line":207,"column":209}},"line":207},"29":{"name":"(anonymous_29)","decl":{"start":{"line":220,"column":21},"end":{"line":220,"column":22}},"loc":{"start":{"line":220,"column":27},"end":{"line":230,"column":13}},"line":220},"30":{"name":"(anonymous_30)","decl":{"start":{"line":223,"column":57},"end":{"line":223,"column":58}},"loc":{"start":{"line":223,"column":64},"end":{"line":223,"column":86}},"line":223},"31":{"name":"(anonymous_31)","decl":{"start":{"line":228,"column":27},"end":{"line":228,"column":28}},"loc":{"start":{"line":228,"column":33},"end":{"line":228,"column":50}},"line":228},"32":{"name":"buildOptions","decl":{"start":{"line":241,"column":9},"end":{"line":241,"column":21}},"loc":{"start":{"line":241,"column":34},"end":{"line":246,"column":1}},"line":241},"33":{"name":"xyToCoordinate","decl":{"start":{"line":248,"column":16},"end":{"line":248,"column":30}},"loc":{"start":{"line":248,"column":127},"end":{"line":252,"column":1}},"line":248},"34":{"name":"coordinateToXY","decl":{"start":{"line":254,"column":16},"end":{"line":254,"column":30}},"loc":{"start":{"line":254,"column":138},"end":{"line":258,"column":1}},"line":254},"35":{"name":"computePOIs","decl":{"start":{"line":260,"column":16},"end":{"line":260,"column":27}},"loc":{"start":{"line":260,"column":60},"end":{"line":264,"column":1}},"line":260},"36":{"name":"getCurrentLocation","decl":{"start":{"line":266,"column":22},"end":{"line":266,"column":40}},"loc":{"start":{"line":266,"column":71},"end":{"line":275,"column":1}},"line":266},"37":{"name":"NativeCheckoutMap","decl":{"start":{"line":277,"column":16},"end":{"line":277,"column":33}},"loc":{"start":{"line":277,"column":118},"end":{"line":298,"column":1}},"line":277},"38":{"name":"(anonymous_38)","decl":{"start":{"line":284,"column":30},"end":{"line":284,"column":31}},"loc":{"start":{"line":284,"column":37},"end":{"line":284,"column":169}},"line":284},"39":{"name":"(anonymous_39)","decl":{"start":{"line":286,"column":18},"end":{"line":286,"column":19}},"loc":{"start":{"line":286,"column":24},"end":{"line":286,"column":34}},"line":286},"40":{"name":"(anonymous_40)","decl":{"start":{"line":287,"column":15},"end":{"line":287,"column":16}},"loc":{"start":{"line":287,"column":22},"end":{"line":287,"column":128}},"line":287},"41":{"name":"(anonymous_41)","decl":{"start":{"line":289,"column":19},"end":{"line":289,"column":20}},"loc":{"start":{"line":290,"column":8},"end":{"line":294,"column":17}},"line":290}},"branchMap":{"0":{"loc":{"start":{"line":25,"column":145},"end":{"line":25,"column":155}},"type":"binary-expr","locations":[{"start":{"line":25,"column":145},"end":{
[...]
:{"line":322,"column":4},"end":{"line":322,"column":60}}},"fnMap":{"0":{"name":"(anonymous_0)","decl":{"start":{"line":89,"column":44},"end":{"line":89,"column":45}},"loc":{"start":{"line":89,"column":54},"end":{"line":324,"column":1}},"line":89},"1":{"name":"(anonymous_1)","decl":{"start":{"line":91,"column":11},"end":{"line":91,"column":12}},"loc":{"start":{"line":91,"column":21},"end":{"line":91,"column":34}},"line":91},"2":{"name":"(anonymous_2)","decl":{"start":{"line":92,"column":14},"end":{"line":92,"column":15}},"loc":{"start":{"line":92,"column":20},"end":{"line":92,"column":81}},"line":92},"3":{"name":"(anonymous_3)","decl":{"start":{"line":92,"column":24},"end":{"line":92,"column":25}},"loc":{"start":{"line":92,"column":32},"end":{"line":92,"column":79}},"line":92},"4":{"name":"(anonymous_4)","decl":{"start":{"line":94,"column":13},"end":{"line":94,"column":14}},"loc":{"start":{"line":94,"column":20},"end":{"line":104,"column":4}},"line":94},"5":{"name":"(anonymous_5)","decl":{"start":{"line":94,"column":24},"end":{"line":94,"column":25}},"loc":{"start":{"line":94,"column":31},"end":{"line":104,"column":3}},"line":94},"6":{"name":"(anonymous_6)","decl":{"start":{"line":95,"column":33},"end":{"line":95,"column":34}},"loc":{"start":{"line":95,"column":40},"end":{"line":95,"column":53}},"line":95},"7":{"name":"(anonymous_7)","decl":{"start":{"line":97,"column":19},"end":{"line":97,"column":20}},"loc":{"start":{"line":97,"column":27},"end":{"line":97,"column":78}},"line":97},"8":{"name":"(anonymous_8)","decl":{"start":{"line":105,"column":18},"end":{"line":105,"column":19}},"loc":{"start":{"line":105,"column":26},"end":{"line":105,"column":83}},"line":105},"9":{"name":"(anonymous_9)","decl":{"start":{"line":105,"column":30},"end":{"line":105,"column":31}},"loc":{"start":{"line":105,"column":38},"end":{"line":105,"column":81}},"line":105},"10":{"name":"(anonymous_10)","decl":{"start":{"line":105,"column":60},"end":{"line":105,"column":61}},"loc":{"start":{"line":105,"column":67},"end":{"line":105,"column":78}},"line":105},"11":{"name":"(anonymous_11)","decl":{"start":{"line":106,"column":17},"end":{"line":106,"column":18}},"loc":{"start":{"line":106,"column":30},"end":{"line":115,"column":4}},"line":106},"12":{"name":"(anonymous_12)","decl":{"start":{"line":106,"column":34},"end":{"line":106,"column":35}},"loc":{"start":{"line":106,"column":41},"end":{"line":115,"column":3}},"line":106},"13":{"name":"(anonymous_13)","decl":{"start":{"line":108,"column":11},"end":{"line":108,"column":12}},"loc":{"start":{"line":108,"column":19},"end":{"line":108,"column":50}},"line":108},"14":{"name":"(anonymous_14)","decl":{"start":{"line":109,"column":14},"end":{"line":109,"column":15}},"loc":{"start":{"line":109,"column":21},"end":{"line":109,"column":37}},"line":109},"15":{"name":"(anonymous_15)","decl":{"start":{"line":116,"column":13},"end":{"line":116,"column":14}},"loc":{"start":{"line":116,"column":19},"end":{"line":122,"column":4}},"line":116},"16":{"name":"(anonymous_16)","decl":{"start":{"line":116,"column":23},"end":{"line":116,"column":24}},"loc":{"start":{"line":116,"column":29},"end":{"line":122,"column":3}},"line":116},"17":{"name":"(anonymous_17)","decl":{"start":{"line":123,"column":15},"end":{"line":123,"column":16}},"loc":{"start":{"line":123,"column":21},"end":{"line":132,"column":4}},"line":123},"18":{"name":"(anonymous_18)","decl":{"start":{"line":123,"column":25},"end":{"line":123,"column":26}},"loc":{"start":{"line":123,"column":32},"end":{"line":132,"column":3}},"line":123},"19":{"name":"(anonymous_19)","decl":{"start":{"line":154,"column":12},"end":{"line":154,"column":13}},"loc":{"start":{"line":154,"column":19},"end":{"line":161,"column":4}},"line":154},"20":{"name":"(anonymous_20)","decl":{"start":{"line":154,"column":23},"end":{"line":154,"column":24}},"loc":{"start":{"line":154,"column":30},"end":{"line":161,"column":3}},"line":154},"21":{"name":"(anonymous_21)","decl":{"start":{"line":162,"column":22},"end":{"line":162,"column":23}},"loc":{"start":{"line":162,"column":31},"end":{"line":181,"column":3}},"line":162},"22":{"name":"(anonymous_22)","decl":{"start":{"line":164,"column":8},"end":{"line":164,"column":9}},"loc":{"start":{"line":164,"column":15},"end":{"line":179,"column":5}},"line":164},"23":{"name":"(anonymous_23)","decl":{"start":{"line":167,"column":31},"end":{"line":167,"column":32}},"loc":{"start":{"line":167,"column":39},"end":{"line":167,"column":47}},"line":167},"24":{"name":"(anonymous_24)","decl":{"start":{"line":168,"column":33},"end":{"line":168,"column":34}},"loc":{"start":{"line":168,"column":45},"end":{"line":168,"column":73}},"line":168},"25":{"name":"(anonymous_25)","decl":{"start":{"line":182,"column":20},"end":{"line":182,"column":21}},"loc":{"start":{"line":182,"column":35},"end":{"line":189,"column":4}},"line":182},"26":{"name":"(anonymous_26)","decl":{"start":{"line":182,"column":39},"end":{"line":182,"column":40}},"loc":{"start":{"line":182,"column":46},"end":{"line":189,"column":3}},"line":182},"27":{"name":"(anonymous_27)","decl":{"start":{"line":183,"column":30},"end":{"line":183,"column":31}},"loc":{"start":{"line":183,"column":38},"end":{"line":183,"column":81}},"line":183},"28":{"name":"(anonymous_28)","decl":{"start":{"line":190,"column":17},"end":{"line":190,"column":18}},"loc":{"start":{"line":190,"column":23},"end":{"line":205,"column":4}},"line":190},"29":{"name":"(anonymous_29)","decl":{"start":{"line":190,"column":27},"end":{"line":190,"column":28}},"loc":{"start":{"line":190,"column":34},"end":{"line":205,"column":3}},"line":190},"30":{"name":"(anonymous_30)","decl":{"start":{"line":198,"column":25},"end":{"line":198,"column":26}},"loc":{"start":{"line":198,"column":38},"end":{"line":198,"column":93}},"line":198},"31":{"name":"(anonymous_31)","decl":{"start":{"line":219,"column":10},"end":{"line":219,"column":11}},"loc":{"start":{"line":219,"column":19},"end":{"line":226,"column":4}},"line":219},"32":{"name":"(anonymous_32)","decl":{"start":{"line":219,"column":23},"end":{"line":219,"column":24}},"loc":{"start":{"line":219,"column":30},"end":{"line":226,"column":3}},"line":219},"33":{"name":"(anonymous_33)","decl":{"start":{"line":227,"column":15},"end":{"line":227,"column":16}},"loc":{"start":{"line":227,"column":21},"end":{"line":236,"column":4}},"line":227},"34":{"name":"(anonymous_34)","decl":{"start":{"line":227,"column":25},"end":{"line":227,"column":26}},"loc":{"start":{"line":227,"column":32},"end":{"line":236,"column":3}},"line":227},"35":{"name":"(anonymous_35)","decl":{"start":{"line":237,"column":19},"end":{"line":237,"column":20}},"loc":{"start":{"line":237,"column":35},"end":{"line":244,"column":4}},"line":237},"36":{"name":"(anonymous_36)","decl":{"start":{"line":237,"column":39},"end":{"line":237,"column":40}},"loc":{"start":{"line":237,"column":46},"end":{"line":244,"column":3}},"line":237},"37":{"name":"(anonymous_37)","decl":{"start":{"line":238,"column":28},"end":{"line":238,"column":29}},"loc":{"start":{"line":238,"column":36},"end":{"line":238,"column":70}},"line":238},"38":{"name":"(anonymous_38)","decl":{"start":{"line":286,"column":26},"end":{"line":286,"column":27}},"loc":{"start":{"line":286,"column":34},"end":{"line":295,"column":4}},"line":286},"39":{"name":"(anonymous_39)","decl":{"start":{"line":286,"column":38},"end":{"line":286,"column":39}},"loc":{"start":{"line":286,"column":45},"end":{"line":295,"column":3}},"line":286},"40":{"name":"(anonymous_40)","decl":{"start":{"line":288,"column":38},"end":{"line":288,"column":39}},"loc":{"start":{"line":288,"column":45},"end":{"line":288,"column":53}},"line":288},"41":{"name":"(anonymous_41)","decl":{"start":{"line":296,"column":22},"end":{"line":296,"column":23}},"loc":{"start":{"line":296,"column":30},"end":{"line":303,"column":4}},"line":296},"42":{"name":"(anonymous_42)","decl":{"start":{"line":296,"column":34},"end":{"line":296,"column":35}},"loc":{"start":{"line":296,"column":41},"end":{"line":303,"column":3}},"line":296},"43":{"name":"(anonymous_43)","decl":{"start":{"line":297,"column":34},"end":{"line":297,"column":35}},"loc":{"start":{"line":297,"column":43},"end":{"line":297,"column":100}},"line":297},"44":{"name":"(anonymous_44)","decl":{"start":{"line":304,"column":16},"end":{"line":304,"column":17}},"loc":{"start":{"line":304,"column":22},"end":{"line":313,"column":4}},"line":304},"45":{"name":"(anonymous_45)","decl":{"start":{"line":304,"column":26},"end":{"line":304,"column":27}},"loc":{"start":{"line":304,"column":33},"end":{"line":313,"column":3}},"line":304},"46":{"name":"(anonymous_46)","decl":{"start":{"line":314,"column":20},"end":{"line":314,"column":21}},"loc":{"start":{"line":314,"column":26},"end":{"line":323,"column":4}},"line":314},"47":{"name":"(anonymous_47)","decl":{"start":{"line":314,"column":30},"end":{"line":314,"column":31}},"loc":{"start":{"line":314,"column":37},"end":{"line":323,"column":3}},"line":314}},"branchMap":{"0":{"loc":{"start":{"line":92,"column":40},"end":{"line":92,"column":77}},"type":"cond-expr","locations":[{"start":{"line":92,"column":61},"end":{"line":92,"column":67}},{"start":{"line":92,"column":70},"end":{"line":92,"column":77}}],"line":92},"1":{"loc":{"start":{"line":96,"column":17},"end":{"line":98,"column":46}},"type":"cond-expr","locations":[{"start":{"line":97,"column":8},"end":{"line":97,"column":80}},{"start":{"line":98,"column":8},"end":{"line":98,"column":46}}],"line":96},"2":{"loc":{"start":{"line":97,"column":27},"end":{"line":97,"column":78}},"type":"cond-expr","locations":[{"start":{"line":97,"column":43},"end":{"line":97,"column":74}},{"start":{"line":97,"column":77},"end":{"line":97,"column":78}}],"line":97},"3":{"loc":{"start":{"line":97,"column":57},"end":{"line":97,"column":67}},"type":"binary-expr","locations":[{"start":{"line":97,"column":57},"end":{"line":97,"column":62}},{"start":{"line":97,"column":66},"end":{"line":97,"column":67}}],"line":97},"4":{"loc":{"start":{"line":98,"column":33},"end":{"line":98,"column":43}},"type":"binary-expr","locations":[{"start":{"line":98,"column":33},"end":{"line":98,"column":38}},{"start":{"line":98,"column":42},"end":{"line":98,"column":43}}],"line":98},"5":{"loc":{"start":{"line":101,"column":6},"end":{"line":101,"column":98}},"type":"if","locations":[{"start":{"line":101,"column":6},"end":{"line":101,"column":98}},{"start":{},"end":{}}],"line":101},"6":{"loc":{"start":{"line":108,"column":19},"end":{"line":108,"column":50}},"type":"cond-expr","locations":[{"start":{"line":108,"column":33},"end":{"line":108,"column":46}},{"start":{"line":108,"column":49},"end":{"line":108,"column":50}}],"line":108},"7":{"loc":{"start":{"line":109,"column":22},"end":{"line":109,"column":32}},"type":"binary-expr","locations":[{"start":{"line":109,"column":22},"end":{"line":109,"column":27}},{"start":{"line":109,"column":31},"end":{"line":109,"column":32}}],"line":109},"8":{"loc":{"start":{"line":112,"column":6},"end":{"line":112,"column":98}},"type":"if","locations":[{"start":{"line":112,"column":6},"end":{"line":112,"column":98}},{"start":{},"end":{}}],"line":112},"9":{"loc":{"start":{"line":119,"column":6},"end":{"line":119,"column":79}},"type":"if","locations":[{"start":{"line":119,"column":6},"end":{"line":119,"column":79}},{"start":{},"end":{}}],"line":119},"10":{"loc":{"start":{"line":126,"column":6},"end":{"line":129,"column":7}},"type":"if","locations":[{"start":{"line":126,"column":6},"end":{"line":129,"column":7}},{"start":{},"end":{}}],"line":126},"11":{"loc":{"start":{"line":128,"column":8},"end":{"line":128,"column":50}},"type":"if","locations":[{"start":{"line":128,"column":8},"end":{"line":128,"column":50}},{"start":{},"end":{}}],"line":128},"12":{"loc":{"start":{"line":158,"column":6},"end":{"line":158,"column":100}},"type":"if","locations":[{"start":{"line":158,"column":6},"end":{"line":158,"column":100}},{"start":{},"end":{}}],"line":158},"13":{"loc":{"start":{"line":168,"column":62},"end":{"line":168,"column":72}},"type":"binary-expr","locations":[{"start":{"line":168,"column":62},"end":{"line":168,"column":67}},{"start":{"line":168,"column":71},"end":{"line":168,"column":72}}],"line":168},"14":{"loc":{"start":{"line":173,"column":8},"end":{"line":176,"column":9}},"type":"if","locations":[{"start":{"line":173,"column":8},"end":{"line":176,"column":9}},{"start":{},"end":{}}],"line":173},"15":{"loc":{"start":{"line":183,"column":38},"end":{"line":183,"column":81}},"type":"cond-expr","locations":[{"start":{"line":183,"column":52},"end":{"line":183,"column":77}},{"start":{"line":183,"column":80},"end":{"line":183,"column":81}}],"line":183},"16":{"loc":{"start":{"line":186,"column":6},"end":{"line":186,"column":100}},"type":"if","locations":[{"start":{"line":186,"column":6},"end":{"line":186,"column":100}},{"start":{},"end":{}}],"line":186},"17":{"loc":{"start":{"line":193,"column":6},"end":{"line":202,"column":7}},"type":"if","locations":[{"start":{"line":193,"column":6},"end":{"line":202,"column":7}},{"start":{},"end":{}}],"line":193},"18":{"loc":{"start":{"line":195,"column":8},"end":{"line":201,"column":9}},"type":"if","locations":[{"start":{"line":195,"column":8},"end":{"line":201,"column":9}},{"start":{},"end":{}}],"line":195},"19":{"loc":{"start":{"line":197,"column":23},"end":{"line":199,"column":22}},"type":"cond-expr","locations":[{"start":{"line":198,"column":14},"end":{"line":198,"column":95}},{"start":{"line":199,"column":14},"end":{"line":199,"column":22}}],"line":197},"20":{"loc":{"start":{"line":198,"column":53},"end":{"line":198,"column":91}},"type":"cond-expr","locations":[{"start":{"line":198,"column":79},"end":{"line":198,"column":86}},{"start":{"line":198,"column":89},"end":{"line":198,"column":91}}],"line":198},"21":{"loc":{"start":{"line":223,"column":6},"end":{"line":223,"column":98}},"type":"if","locations":[{"start":{"line":223,"column":6},"end":{"line":223,"column":98}},{"start":{},"end":{}}],"line":223},"22":{"loc":{"start":{"line":230,"column":6},"end":{"line":233,"column":7}},"type":"if","locations":[{"start":{"line":230,"column":6},"end":{"line":233,"column":7}},{"start":{},"end":{}}],"line":230},"23":{"loc":{"start":{"line":232,"column":8},"end":{"line":232,"column":50}},"type":"if","locations":[{"start":{"line":232,"column":8},"end":{"line":232,"column":50}},{"start":{},"end":{}}],"line":232},"24":{"loc":{"start":{"line":238,"column":36},"end":{"line":238,"column":70}},"type":"cond-expr","locations":[{"start":{"line":238,"column":50},"end":{"line":238,"column":66}},{"start":{"line":238,"column":69},"end":{"line":238,"column":70}}],"line":238},"25":{"loc":{"start":{"line":241,"column":6},"end":{"line":241,"column":98}},"type":"if","locations":[{"start":{"line":241,"column":6},"end":{"line":241,"column":98}},{"start":{},"end":{}}],"line":241},"26":{"loc":{"start":{"line":287,"column":17},"end":{"line":289,"column":39}},"type":"cond-expr","locations":[{"start":{"line":288,"column":8},"end":{"line":288,"column":54}},{"start":{"line":289,"column":8},"end":{"line":289,"column":39}}],"line":287},"27":{"loc":{"start":{"line":292,"column":6},"end":{"line":292,"column":103}},"type":"if","locations":[{"start":{"line":292,"column":6},"end":{"line":292,"column":103}},{"start":{},"end":{}}],"line":292},"28":{"loc":{"start":{"line":297,"column":43},"end":{"line":297,"column":100}},"type":"cond-expr","locations":[{"start":{"line":297,"column":58},"end":{"line":297,"column":95}},{"start":{"line":297,"column":98},"end":{"line":297,"column":100}}],"line":297},"29":{"loc":{"start":{"line":300,"column":6},"end":{"line":300,"column":104}},"type":"if","locations":[{"start":{"line":300,"column":6},"end":{"line":300,"column":104}},{"start":{},"end":{}}],"line":300},"30":{"loc":{"start":{"line":307,"column":6},"end":{"line":310,"column":7}},"type":"if","locations":[{"start":{"line":307,"column":6},"end":{"line":310,"column":7}},{"start":{},"end":{}}],"line":307},"31":{"loc":{"start":{"line":309,"column":8},"end":{"line":309,"column":51}},"type":"if","locations":[{"start":{"line":309,"column":8},"end":{"line":309,"column":51}},{"start":{},"end":{}}],"line":309},"32":{"loc":{"start":{"line":317,"column":6},"end":{"line":320,"column":7}},"type":"if","locations":[{"start":{"line":317,"column":6},"end":{"line":320,"column":7}},{"start":{},"end":{}}],"line":317},"33":{"loc":{"start":{"line":319,"column":8},"end":{"line":319,"column":66}},"type":"if","locations":[{"start":{"line":319,"column":8},"end":{"line":319,"column":66}},{"start":{},"end":{}}],"line":319}},"s":{"0":3,"1":3,"2":0,"3":0,"4":0,"5":0,"6":0,"7":0,"8":0,"9":0,"10":0,"11":0,"12":0,"13":0,"14":0,"15":0,"16":0,"17":0,"18":0,"19":0,"20":0,"21":0,"22":0,"23":0,"24":0,"25":0,"26":0,"27":0,"28":0,"29":0,"30":0,"31":0,"32":0,"33":0,"34":0,"35":0,"36":0,"37":0,"38":0,"39":0,"40":0,"41":0,"42":0,"43":0,"44":0,"45":0,"46":0,"47":0,"48":0,"49":0,"50":0,"51":0,"52":0,"53":0,"54":0,"55":0,"56":0,"57":0,"58":0,"59":0,"60":0,"61":0,"62":0,"63":0,"64":0,"65":0,"66":0,"67":0,"68":0,"69":0,"70":0,"71":0,"72":0,"73":0,"74":0,"75":0,"76":0,"77":0,"78":0,"79":0,"80":0,"81":0,"82":0,"83":0,"84":0,"85":0,"86":0,"87":0,"88":0,"89":0,"90":0,"91":0,"92":0,"93":0,"94":0,"95":0,"96":0,"97":0,"98":0,"99":0,"100":0,"101":0,"102":0,"103":0,"104":0,"105":0,"106":0,"107":0,"108":0,"109":0,"110":0,"111":0,"112":0,"113":0,"114":0,"115":0,"116":0,"117":0,"118":0,"119":0,"120":0,"121":0,"122":0,"123":0},"f":{"0":3,"1":0,"2":0,"3":0,"4":0,"5":0,"6":0,"7":0,"8":0,"9":0,"10":0,"11":0,"12":0,"13":0,"14":0,"15":0,"16":0,"17":0,"18":0,"19":0,"20":0,"21":0,"22":0,"23":0,"24":0,"25":0,"26":0,"27":0,"28":0,"29":0,"30":0,"31":0,"32":0,"33":0,"34":0,"35":0,"36":0,"37":0,"38":0,"39":0,"40":0,"41":0,"42":0,"43":0,"44":0,"45":0,"46":0,"47":0},"b":{"0":[0,0],"1":[0,0],"2":[0,0],"3":[0,0],"4":[0,0],"5":[0,0],"6":[0,0],"7":[0,0],"8":[0,0],"9":[0,0],"10":[0,0],"11":[0,0],"12":[0,0],"13":[0,0],"14":[0,0],"15":[0,0],"16":[0,0],"17":[0,0],"18":[0,0],"19":[0,0],"20":[0,0],"21":[0,0],"22":[0,0],"23":[0,0],"24":[0,0],"25":[0,0],"26":[0,0],"27":[0,0],"28":[0,0],"29":[0,0],"30":[0,0],"31":[0,0],"32":[0,0],"33":[0,0]},"_coverageSchema":"1a1c01bbd47fc00a2c39e90264f33305004495a9","hash":"1807b3cc3a508766c18a3c6e3cc14a6037876e7c"}
,"C:\\Users\\hp\\Documents\\Oladinno's Codes\\ErrandFront\\src\\theme\\colors.ts": {"path":"C:\\Users\\hp\\Documents\\Oladinno's Codes\\ErrandFront\\src\\theme\\colors.ts","statementMap":{"0":{"start":{"line":1,"column":22},"end":{"line":36,"column":1}}},"fnMap":{},"branchMap":{},"s":{"0":16},"f":{},"b":{},"_coverageSchema":"1a1c01bbd47fc00a2c39e90264f33305004495a9","hash":"2142d5cd226d472345b93634b8dc3e810d8076b7"}
,"C:\\Users\\hp\\Documents\\Oladinno's Codes\\ErrandFront\\src\\theme\\index.ts": {"path":"C:\\Users\\hp\\Documents\\Oladinno's Codes\\ErrandFront\\src\\theme\\index.ts","statementMap":{"0":{"start":{"line":14,"column":33},"end":{"line":19,"column":1}},"1":{"start":{"line":21,"column":32},"end":{"line":26,"column":1}}},"fnMap":{},"branchMap":{},"s":{"0":16,"1":16},"f":{},"b":{},"_coverageSchema":"1a1c01bbd47fc00a2c39e90264f33305004495a9","hash":"b261cbd711614067f7d3c22e2b28e92130b55f06"}
,"C:\\Users\\hp\\Documents\\Oladinno's Codes\\ErrandFront\\src\\theme\\spacing.ts": {"path":"C:\\Users\\hp\\Documents\\Oladinno's Codes\\ErrandFront\\src\\theme\\spacing.ts","statementMap":{"0":{"start":{"line":1,"column":23},"end":{"line":8,"column":1}}},"fnMap":{},"branchMap":{},"s":{"0":16},"f":{},"b":{},"_coverageSchema":"1a1c01bbd47fc00a2c39e90264f33305004495a9","hash":"49aee53d64e5a068f4e8c227443ff4578cd4d729"}
,"C:\\Users\\hp\\Documents\\Oladinno's Codes\\ErrandFront\\src\\theme\\typography.ts": {"path":"C:\\Users\\hp\\Documents\\Oladinno's Codes\\ErrandFront\\src\\theme\\typography.ts","statementMap":{"0":{"start":{"line":1,"column":26},"end":{"line":16,"column":1}}},"fnMap":{},"branchMap":{},"s":{"0":16},"f":{},"b":{},"_coverageSchema":"1a1c01bbd47fc00a2c39e90264f33305004495a9","hash":"77817f8c84d8de200d762952b308a5109c5985d9"}
}
