TN:
SF:src\components\Card.tsx
FN:23,Card
FNF:1
FNH:1
FNDA:8,Card
DA:24,8
DA:25,8
DA:26,8
DA:27,8
DA:28,8
DA:113,2
LF:6
LH:6
BRDA:23,0,0,0
BRDA:32,1,0,8
BRDA:32,1,1,4
BRDA:33,2,0,8
BRDA:33,2,1,4
BRDA:39,3,0,4
BRDA:39,3,1,4
BRDA:41,4,0,0
BRDA:41,4,1,4
BRDA:46,5,0,4
BRDA:46,5,1,0
BRDA:51,6,0,0
BRDA:51,6,1,4
BRDA:52,7,0,0
BRDA:52,7,1,4
BRDA:52,8,0,0
BRDA:52,8,1,4
BRDA:57,9,0,4
BRDA:57,9,1,0
BRDA:58,10,0,4
BRDA:58,10,1,4
BRDA:60,11,0,0
BRDA:60,11,1,0
BRDA:62,12,0,4
BRDA:62,12,1,4
BRDA:69,13,0,8
BRDA:69,13,1,4
BRDA:71,14,0,8
BRDA:71,14,1,8
BRDA:72,15,0,8
BRDA:72,15,1,4
BRDA:74,16,0,4
BRDA:74,16,1,4
BRDA:78,17,0,4
BRDA:78,17,1,0
BRDA:84,18,0,8
BRDA:84,18,1,4
BRDA:85,19,0,4
BRDA:85,19,1,0
BRDA:87,20,0,8
BRDA:87,20,1,4
BRDA:93,21,0,4
BRDA:93,21,1,4
BRDA:100,22,0,4
BRDA:100,22,1,4
BRF:45
BRH:34
end_of_record
TN:
SF:src\components\Header.tsx
FN:20,Header
FN:22,(anonymous_1)
FN:22,(anonymous_2)
FN:28,(anonymous_3)
FN:45,(anonymous_4)
FN:57,(anonymous_5)
FN:68,(anonymous_6)
FNF:7
FNH:3
FNDA:4,Header
FNDA:4,(anonymous_1)
FNDA:0,(anonymous_2)
FNDA:0,(anonymous_3)
FNDA:0,(anonymous_4)
FNDA:0,(anonymous_5)
FNDA:4,(anonymous_6)
DA:21,4
DA:22,4
DA:23,4
DA:24,4
DA:25,4
DA:28,0
DA:45,0
DA:57,0
DA:68,2
DA:69,4
DA:79,2
LF:11
LH:8
BRDA:20,0,0,4
BRDA:20,1,0,4
BRDA:22,2,0,0
BRDA:22,2,1,0
BRDA:28,3,0,0
BRDA:28,3,1,0
BRDA:28,4,0,4
BRDA:28,4,1,0
BRDA:29,5,0,4
BRDA:29,5,1,0
BRDA:37,6,0,4
BRDA:37,6,1,0
BRDA:39,7,0,4
BRDA:39,7,1,4
BRDA:48,8,0,4
BRDA:48,8,1,0
BRDA:69,9,0,4
BRDA:69,9,1,4
BRDA:69,9,2,4
BRDA:69,9,3,4
BRDA:69,9,4,4
BRDA:69,9,5,4
BRF:22
BRH:14
end_of_record
TN:
SF:src\components\JobCard.tsx
FN:12,JobCard
FNF:1
FNH:1
FNDA:4,JobCard
DA:13,4
DA:14,4
DA:34,2
LF:3
LH:3
BRDA:22,0,0,4
BRDA:22,0,1,4
BRF:2
BRH:2
end_of_record
TN:
SF:src\components\ProCard.tsx
FN:16,ProCard
FN:20,(anonymous_1)
FN:28,(anonymous_2)
FNF:3
FNH:1
FNDA:3,ProCard
FNDA:0,(anonymous_1)
FNDA:0,(anonymous_2)
DA:17,3
DA:18,3
DA:28,0
DA:36,2
LF:4
LH:3
BRDA:28,0,0,0
BRDA:28,0,1,3
BRDA:29,1,0,0
BRDA:29,1,1,3
BRDA:29,2,0,0
BRDA:29,2,1,3
BRF:6
BRH:3
end_of_record
TN:
SF:src\components\SearchBar.tsx
FN:13,SearchBar
FNF:1
FNH:1
FNDA:8,SearchBar
DA:14,8
DA:15,8
DA:45,2
LF:3
LH:3
BRDA:13,0,0,0
BRF:1
BRH:0
end_of_record
TN:
SF:src\components\SectionHeader.tsx
FN:11,SectionHeader
FNF:1
FNH:1
FNDA:16,SectionHeader
DA:12,16
DA:13,16
DA:28,2
LF:3
LH:3
BRDA:17,0,0,16
BRDA:17,0,1,0
BRDA:19,1,0,16
BRDA:19,1,1,8
BRF:4
BRH:3
end_of_record
TN:
SF:src\components\SegmentedControl.tsx
FN:12,SegmentedControl
FN:16,(anonymous_1)
FN:21,(anonymous_2)
FNF:3
FNH:3
FNDA:8,SegmentedControl
FNDA:16,(anonymous_1)
FNDA:2,(anonymous_2)
DA:13,8
DA:14,8
DA:17,16
DA:18,16
DA:22,2
DA:23,2
DA:41,2
LF:7
LH:7
BRDA:30,0,0,8
BRDA:30,0,1,8
BRDA:31,1,0,8
BRDA:31,1,1,8
BRDA:31,2,0,8
BRDA:31,2,1,8
BRDA:33,3,0,8
BRDA:33,3,1,8
BRF:8
BRH:8
end_of_record
TN:
SF:src\hooks\useTheme.ts
FN:4,(anonymous_0)
FN:5,(anonymous_1)
FNF:2
FNH:2
FNDA:133,(anonymous_0)
FNDA:149,(anonymous_1)
DA:4,14
DA:5,149
DA:6,133
LF:3
LH:3
BRDA:6,0,0,5
BRDA:6,0,1,128
BRF:2
BRH:2
end_of_record
TN:
SF:src\mocks\polyfill.ts
FN:13,pickStatus
FN:19,riderFor
FN:24,sum
FN:24,(anonymous_3)
FN:25,isValidId
FN:26,rateLimit
FN:29,(anonymous_6)
FN:34,isAuthorized
FN:40,validateCreate
FN:45,(anonymous_9)
FN:56,startFetchMock
FN:59,(anonymous_11)
FN:68,(anonymous_12)
FN:81,(anonymous_13)
FN:101,(anonymous_14)
FN:112,stopFetchMock
FN:119,getInterceptedRequests
FN:123,mk
FNF:18
FNH:14
FNDA:0,pickStatus
FNDA:0,riderFor
FNDA:1,sum
FNDA:1,(anonymous_3)
FNDA:6,isValidId
FNDA:18,rateLimit
FNDA:120,(anonymous_6)
FNDA:18,isAuthorized
FNDA:2,validateCreate
FNDA:1,(anonymous_9)
FNDA:15,startFetchMock
FNDA:18,(anonymous_11)
FNDA:0,(anonymous_12)
FNDA:2,(anonymous_13)
FNDA:5,(anonymous_14)
FNDA:15,stopFetchMock
FNDA:0,getInterceptedRequests
FNDA:18,mk
DA:4,15
DA:5,15
DA:11,15
DA:14,0
DA:15,0
DA:16,0
DA:20,0
DA:21,0
DA:24,1
DA:25,6
DA:27,18
DA:28,18
DA:29,120
DA:30,18
DA:31,18
DA:32,18
DA:35,18
DA:36,18
DA:37,17
DA:38,16
DA:41,2
DA:42,2
DA:43,2
DA:44,2
DA:45,2
DA:46,1
DA:47,1
DA:48,1
DA:51,2
DA:52,2
DA:53,1
DA:57,15
DA:58,15
DA:59,15
DA:60,18
DA:61,18
DA:62,18
DA:63,18
DA:64,0
DA:65,0
DA:66,0
DA:67,0
DA:68,0
DA:69,0
DA:70,0
DA:71,0
DA:72,0
DA:73,0
DA:75,18
DA:76,3
DA:77,3
DA:78,3
DA:79,3
DA:80,3
DA:81,2
DA:82,2
DA:83,2
DA:84,1
DA:85,1
DA:86,1
DA:87,1
DA:88,1
DA:89,1
DA:91,15
DA:92,15
DA:93,15
DA:94,15
DA:95,15
DA:96,7
DA:97,7
DA:98,7
DA:99,7
DA:100,6
DA:101,5
DA:102,5
DA:103,4
DA:104,4
DA:105,3
DA:107,0
DA:109,15
DA:113,15
DA:114,15
DA:115,15
DA:120,0
DA:124,18
LF:85
LH:68
BRDA:14,0,0,0
BRDA:14,0,1,0
BRDA:14,1,0,0
BRDA:14,1,1,0
BRDA:14,1,2,0
BRDA:14,1,3,0
BRDA:20,2,0,0
BRDA:20,2,1,0
BRDA:26,3,0,18
BRDA:26,4,0,18
BRDA:28,5,0,18
BRDA:28,5,1,3
BRDA:35,6,0,18
BRDA:35,6,1,1
BRDA:36,7,0,1
BRDA:36,7,1,17
BRDA:37,8,0,1
BRDA:37,8,1,16
BRDA:37,9,0,17
BRDA:37,9,1,17
BRDA:42,10,0,0
BRDA:42,10,1,2
BRDA:42,11,0,2
BRDA:42,11,1,2
BRDA:43,12,0,1
BRDA:43,12,1,1
BRDA:43,13,0,2
BRDA:43,13,1,2
BRDA:44,14,0,2
BRDA:44,14,1,0
BRDA:46,15,0,0
BRDA:46,15,1,1
BRDA:46,16,0,1
BRDA:46,16,1,1
BRDA:47,17,0,0
BRDA:47,17,1,1
BRDA:47,18,0,1
BRDA:47,18,1,1
BRDA:48,19,0,0
BRDA:48,19,1,1
BRDA:48,20,0,1
BRDA:48,20,1,1
BRDA:51,21,0,0
BRDA:51,21,1,2
BRDA:52,22,0,1
BRDA:52,22,1,1
BRDA:57,23,0,0
BRDA:57,23,1,15
BRDA:60,24,0,18
BRDA:60,24,1,0
BRDA:60,25,0,0
BRDA:60,25,1,0
BRDA:61,26,0,18
BRDA:61,26,1,15
BRDA:63,27,0,0
BRDA:63,27,1,18
BRDA:65,28,0,0
BRDA:65,28,1,0
BRDA:66,29,0,0
BRDA:66,29,1,0
BRDA:69,30,0,0
BRDA:69,30,1,0
BRDA:70,31,0,0
BRDA:70,31,1,0
BRDA:75,32,0,3
BRDA:75,32,1,15
BRDA:75,33,0,18
BRDA:75,33,1,3
BRDA:76,34,0,3
BRDA:76,34,1,0
BRDA:78,35,0,3
BRDA:78,35,1,1
BRDA:79,36,0,0
BRDA:79,36,1,3
BRDA:80,37,0,1
BRDA:80,37,1,2
BRDA:82,38,0,2
BRDA:82,38,1,0
BRDA:83,39,0,1
BRDA:83,39,1,1
BRDA:87,40,0,1
BRDA:87,40,1,0
BRDA:91,41,0,15
BRDA:91,41,1,0
BRDA:92,42,0,15
BRDA:92,42,1,0
BRDA:94,43,0,15
BRDA:94,43,1,0
BRDA:95,44,0,8
BRDA:95,44,1,7
BRDA:97,45,0,7
BRDA:97,45,1,0
BRDA:99,46,0,1
BRDA:99,46,1,6
BRDA:100,47,0,1
BRDA:100,47,1,5
BRDA:102,48,0,1
BRDA:102,48,1,4
BRDA:104,49,0,1
BRDA:104,49,1,3
BRDA:113,50,0,15
BRDA:113,50,1,0
BRF:102
BRH:66
end_of_record
TN:
SF:src\screens\ChatDetailScreen.tsx
FN:11,ChatDetailScreen
FN:14,(anonymous_1)
FN:15,(anonymous_2)
FN:15,(anonymous_3)
FN:16,(anonymous_4)
FN:17,(anonymous_5)
FN:18,(anonymous_6)
FN:23,(anonymous_7)
FN:23,(anonymous_8)
FN:27,(anonymous_9)
FN:31,(anonymous_10)
FN:53,(anonymous_11)
FN:60,(anonymous_12)
FN:60,(anonymous_13)
FN:72,(anonymous_14)
FN:87,(anonymous_15)
FNF:16
FNH:13
FNDA:5,ChatDetailScreen
FNDA:5,(anonymous_1)
FNDA:5,(anonymous_2)
FNDA:5,(anonymous_3)
FNDA:5,(anonymous_4)
FNDA:5,(anonymous_5)
FNDA:5,(anonymous_6)
FNDA:5,(anonymous_7)
FNDA:10,(anonymous_8)
FNDA:3,(anonymous_9)
FNDA:10,(anonymous_10)
FNDA:0,(anonymous_11)
FNDA:0,(anonymous_12)
FNDA:0,(anonymous_13)
FNDA:13,(anonymous_14)
FNDA:1,(anonymous_15)
DA:12,5
DA:13,5
DA:14,5
DA:15,5
DA:16,5
DA:17,5
DA:18,5
DA:19,5
DA:20,5
DA:22,5
DA:23,10
DA:27,5
DA:28,3
DA:31,5
DA:32,10
DA:33,10
DA:36,10
DA:37,10
DA:38,10
DA:39,10
DA:49,5
DA:53,0
DA:60,0
DA:72,13
DA:87,1
DA:98,1
LF:26
LH:24
BRDA:14,0,0,5
BRDA:14,0,1,0
BRDA:28,1,0,3
BRDA:28,1,1,0
BRDA:28,2,0,3
BRDA:28,2,1,3
BRDA:33,3,0,5
BRDA:33,3,1,5
BRDA:37,4,0,5
BRDA:37,4,1,5
BRDA:41,5,0,5
BRDA:41,5,1,5
BRDA:44,6,0,5
BRDA:44,6,1,5
BRDA:51,7,0,5
BRDA:51,7,1,0
BRDA:57,8,0,5
BRDA:57,8,1,0
BRDA:58,9,0,5
BRDA:58,9,1,5
BRDA:64,10,0,5
BRDA:64,10,1,0
BRDA:87,11,0,0
BRDA:87,11,1,1
BRDA:88,12,0,1
BRDA:88,12,1,4
BRF:26
BRH:20
end_of_record
TN:
SF:src\screens\CheckoutScreen.tsx
FN:18,CheckoutScreen
FN:21,(anonymous_1)
FN:22,(anonymous_2)
FN:25,(anonymous_3)
FN:25,(anonymous_4)
FN:30,(anonymous_5)
FN:40,(anonymous_6)
FN:41,(anonymous_7)
FN:44,(anonymous_8)
FN:44,(anonymous_9)
FN:47,(anonymous_10)
FN:48,(anonymous_11)
FN:50,(anonymous_12)
FN:52,(anonymous_13)
FN:59,(anonymous_14)
FN:64,(anonymous_15)
FN:73,(anonymous_16)
FN:77,(anonymous_17)
FN:77,(anonymous_18)
FN:90,(anonymous_19)
FN:91,(anonymous_20)
FN:92,(anonymous_21)
FN:109,(anonymous_22)
FN:137,(anonymous_23)
FN:140,(anonymous_24)
FN:161,(anonymous_25)
FN:176,(anonymous_26)
FN:183,(anonymous_27)
FN:207,(anonymous_28)
FN:220,(anonymous_29)
FN:223,(anonymous_30)
FN:228,(anonymous_31)
FN:241,buildOptions
FN:248,xyToCoordinate
FN:254,coordinateToXY
FN:260,computePOIs
FN:266,getCurrentLocation
FN:277,NativeCheckoutMap
FN:284,(anonymous_38)
FN:286,(anonymous_39)
FN:287,(anonymous_40)
FN:289,(anonymous_41)
FNF:42
FNH:27
FNDA:5,CheckoutScreen
FNDA:5,(anonymous_1)
FNDA:5,(anonymous_2)
FNDA:1,(anonymous_3)
FNDA:1,(anonymous_4)
FNDA:5,(anonymous_5)
FNDA:1,(anonymous_6)
FNDA:1,(anonymous_7)
FNDA:2,(anonymous_8)
FNDA:2,(anonymous_9)
FNDA:16,(anonymous_10)
FNDA:2,(anonymous_11)
FNDA:1,(anonymous_12)
FNDA:1,(anonymous_13)
FNDA:0,(anonymous_14)
FNDA:1,(anonymous_15)
FNDA:0,(anonymous_16)
FNDA:0,(anonymous_17)
FNDA:0,(anonymous_18)
FNDA:0,(anonymous_19)
FNDA:0,(anonymous_20)
FNDA:0,(anonymous_21)
FNDA:0,(anonymous_22)
FNDA:0,(anonymous_23)
FNDA:0,(anonymous_24)
FNDA:2,(anonymous_25)
FNDA:0,(anonymous_26)
FNDA:0,(anonymous_27)
FNDA:1,(anonymous_28)
FNDA:1,(anonymous_29)
FNDA:0,(anonymous_30)
FNDA:0,(anonymous_31)
FNDA:2,buildOptions
FNDA:3,xyToCoordinate
FNDA:1,coordinateToXY
FNDA:3,computePOIs
FNDA:2,getCurrentLocation
FNDA:4,NativeCheckoutMap
FNDA:1,(anonymous_38)
FNDA:0,(anonymous_39)
FNDA:1,(anonymous_40)
FNDA:8,(anonymous_41)
DA:19,5
DA:20,5
DA:21,5
DA:22,5
DA:23,5
DA:24,5
DA:25,5
DA:26,5
DA:27,5
DA:28,5
DA:29,5
DA:30,5
DA:31,5
DA:32,5
DA:33,5
DA:34,5
DA:35,5
DA:36,5
DA:37,5
DA:38,5
DA:40,5
DA:41,1
DA:44,5
DA:45,5
DA:47,16
DA:48,5
DA:50,5
DA:51,1
DA:52,1
DA:53,1
DA:54,1
DA:55,1
DA:56,0
DA:57,0
DA:58,0
DA:59,0
DA:61,1
DA:64,1
DA:68,5
DA:73,0
DA:77,0
DA:90,0
DA:91,0
DA:92,0
DA:109,0
DA:137,0
DA:140,0
DA:162,2
DA:176,0
DA:183,0
DA:207,1
DA:221,1
DA:222,1
DA:223,1
DA:224,1
DA:226,0
DA:228,1
DA:242,2
DA:243,2
DA:244,2
DA:245,2
DA:249,3
DA:250,3
DA:251,3
DA:255,1
DA:256,1
DA:257,1
DA:261,3
DA:262,3
DA:263,3
DA:267,2
DA:268,2
DA:269,2
DA:270,1
DA:271,1
DA:273,0
DA:278,4
DA:279,4
DA:280,4
DA:284,1
DA:286,0
DA:287,1
DA:290,8
DA:300,3
LF:84
LH:67
BRDA:25,0,0,1
BRDA:25,0,1,0
BRDA:41,1,0,1
BRDA:41,1,1,0
BRDA:45,2,0,0
BRDA:45,2,1,5
BRDA:48,3,0,0
BRDA:48,3,1,2
BRDA:55,4,0,0
BRDA:55,4,1,0
BRDA:57,5,0,0
BRDA:57,5,1,0
BRDA:70,6,0,5
BRDA:70,6,1,2
BRDA:77,7,0,0
BRDA:77,7,1,2
BRDA:94,8,0,2
BRDA:94,8,1,2
BRDA:106,9,0,2
BRDA:106,9,1,2
BRDA:120,10,0,2
BRDA:120,10,1,2
BRDA:137,11,0,2
BRDA:137,11,1,0
BRDA:138,12,0,2
BRDA:138,12,1,0
BRDA:140,13,0,0
BRDA:140,13,1,2
BRDA:141,14,0,0
BRDA:141,14,1,2
BRDA:145,15,0,2
BRDA:145,15,1,0
BRDA:176,16,0,2
BRDA:176,16,1,0
BRDA:183,17,0,0
BRDA:183,17,1,2
BRDA:197,18,0,2
BRDA:197,18,1,2
BRDA:207,19,0,1
BRDA:207,19,1,0
BRDA:214,20,0,5
BRDA:214,20,1,3
BRDA:223,21,0,1
BRDA:223,21,1,0
BRDA:223,21,2,0
BRDA:231,22,0,1
BRDA:231,22,1,2
BRDA:233,23,0,1
BRDA:233,23,1,2
BRDA:243,24,0,0
BRDA:243,24,1,2
BRDA:245,25,0,0
BRDA:245,25,1,2
BRDA:269,26,0,1
BRDA:269,26,1,1
BRDA:291,27,0,8
BRDA:291,27,1,4
BRF:57
BRH:36
end_of_record
TN:
SF:src\screens\HomeScreen.tsx
FN:19,HomeScreen
FN:23,(anonymous_1)
FN:24,(anonymous_2)
FN:25,(anonymous_3)
FN:26,(anonymous_4)
FN:27,(anonymous_5)
FN:28,(anonymous_6)
FN:29,(anonymous_7)
FN:30,(anonymous_8)
FN:32,(anonymous_9)
FN:32,(anonymous_10)
FN:33,(anonymous_11)
FN:33,(anonymous_12)
FN:34,(anonymous_13)
FN:42,(anonymous_14)
FN:43,(anonymous_15)
FN:46,(anonymous_16)
FN:56,(anonymous_17)
FN:61,(anonymous_18)
FN:62,(anonymous_19)
FN:63,(anonymous_20)
FN:72,(anonymous_21)
FN:73,(anonymous_22)
FN:82,(anonymous_23)
FN:94,(anonymous_24)
FN:95,(anonymous_25)
FN:108,(anonymous_26)
FN:114,(anonymous_27)
FN:120,(anonymous_28)
FN:128,(anonymous_29)
FN:130,(anonymous_30)
FN:146,(anonymous_31)
FN:150,(anonymous_32)
FN:166,(anonymous_33)
FN:176,(anonymous_34)
FNF:35
FNH:28
FNDA:8,HomeScreen
FNDA:8,(anonymous_1)
FNDA:8,(anonymous_2)
FNDA:8,(anonymous_3)
FNDA:8,(anonymous_4)
FNDA:8,(anonymous_5)
FNDA:8,(anonymous_6)
FNDA:8,(anonymous_7)
FNDA:8,(anonymous_8)
FNDA:8,(anonymous_9)
FNDA:8,(anonymous_10)
FNDA:8,(anonymous_11)
FNDA:8,(anonymous_12)
FNDA:8,(anonymous_13)
FNDA:8,(anonymous_14)
FNDA:8,(anonymous_15)
FNDA:2,(anonymous_16)
FNDA:0,(anonymous_17)
FNDA:4,(anonymous_18)
FNDA:8,(anonymous_19)
FNDA:4,(anonymous_20)
FNDA:0,(anonymous_21)
FNDA:0,(anonymous_22)
FNDA:4,(anonymous_23)
FNDA:0,(anonymous_24)
FNDA:0,(anonymous_25)
FNDA:0,(anonymous_26)
FNDA:1,(anonymous_27)
FNDA:1,(anonymous_28)
FNDA:0,(anonymous_29)
FNDA:4,(anonymous_30)
FNDA:20,(anonymous_31)
FNDA:2,(anonymous_32)
FNDA:3,(anonymous_33)
FNDA:2,(anonymous_34)
DA:20,8
DA:21,8
DA:22,8
DA:23,8
DA:24,8
DA:25,8
DA:26,8
DA:27,8
DA:28,8
DA:29,8
DA:30,8
DA:31,8
DA:32,8
DA:33,8
DA:34,8
DA:36,8
DA:42,8
DA:43,8
DA:46,2
DA:56,0
DA:61,4
DA:62,8
DA:64,4
DA:73,0
DA:74,0
DA:83,4
DA:94,0
DA:95,0
DA:108,0
DA:114,1
DA:120,1
DA:128,0
DA:131,4
DA:147,20
DA:150,2
DA:167,3
DA:177,2
DA:178,2
DA:188,2
LF:39
LH:32
BRDA:32,0,0,8
BRDA:32,0,1,8
BRDA:32,0,2,1
BRDA:33,1,0,8
BRDA:33,1,1,1
BRDA:54,2,0,4
BRDA:54,2,1,4
BRDA:69,3,0,4
BRDA:69,3,1,4
BRDA:70,4,0,4
BRDA:70,4,1,4
BRDA:71,5,0,4
BRDA:71,5,1,4
BRDA:153,6,0,4
BRDA:153,6,1,16
BRDA:157,7,0,4
BRDA:157,7,1,16
BRDA:158,8,0,4
BRDA:158,8,1,16
BRF:19
BRH:19
end_of_record
TN:
SF:src\screens\MessagesListScreen.tsx
FN:9,MessagesListScreen
FN:12,(anonymous_1)
FN:13,(anonymous_2)
FN:14,(anonymous_3)
FN:18,(anonymous_4)
FN:31,(anonymous_5)
FN:33,(anonymous_6)
FN:41,(anonymous_7)
FN:42,(anonymous_8)
FN:44,(anonymous_9)
FN:45,(anonymous_10)
FN:47,(anonymous_11)
FN:50,(anonymous_12)
FN:81,(anonymous_13)
FN:84,(anonymous_14)
FN:95,(anonymous_15)
FN:98,(anonymous_16)
FN:101,(anonymous_17)
FN:108,(anonymous_18)
FN:111,(anonymous_19)
FNF:20
FNH:18
FNDA:6,MessagesListScreen
FNDA:6,(anonymous_1)
FNDA:6,(anonymous_2)
FNDA:6,(anonymous_3)
FNDA:1,(anonymous_4)
FNDA:12,(anonymous_5)
FNDA:36,(anonymous_6)
FNDA:12,(anonymous_7)
FNDA:12,(anonymous_8)
FNDA:9,(anonymous_9)
FNDA:27,(anonymous_10)
FNDA:14,(anonymous_11)
FNDA:1,(anonymous_12)
FNDA:0,(anonymous_13)
FNDA:0,(anonymous_14)
FNDA:1,(anonymous_15)
FNDA:1,(anonymous_16)
FNDA:1,(anonymous_17)
FNDA:14,(anonymous_18)
FNDA:4,(anonymous_19)
DA:10,6
DA:11,6
DA:12,6
DA:13,6
DA:14,6
DA:15,6
DA:16,6
DA:18,6
DA:19,1
DA:20,1
DA:21,1
DA:22,1
DA:24,0
DA:25,0
DA:27,0
DA:31,6
DA:32,12
DA:33,36
DA:34,12
DA:35,12
DA:36,12
DA:37,12
DA:40,6
DA:41,12
DA:42,12
DA:44,6
DA:45,27
DA:46,9
DA:47,14
DA:48,9
DA:50,1
DA:73,6
DA:81,0
DA:95,1
DA:98,1
DA:101,1
DA:108,14
DA:111,4
DA:117,1
LF:39
LH:35
BRDA:20,0,0,1
BRDA:20,0,1,0
BRDA:27,1,0,0
BRDA:27,1,1,0
BRDA:32,2,0,8
BRDA:32,2,1,4
BRDA:32,3,0,2
BRDA:32,3,1,2
BRDA:34,4,0,12
BRDA:34,4,1,0
BRDA:36,5,0,12
BRDA:36,5,1,0
BRDA:36,5,2,0
BRDA:37,6,0,12
BRDA:37,6,1,9
BRDA:46,7,0,9
BRDA:46,7,1,0
BRDA:54,8,0,0
BRDA:54,8,1,9
BRDA:66,9,0,9
BRDA:66,9,1,0
BRDA:68,10,0,9
BRDA:68,10,1,4
BRDA:95,11,0,4
BRDA:95,11,1,2
BRDA:98,12,0,1
BRDA:98,12,1,5
BRDA:101,13,0,1
BRDA:101,13,1,5
BRF:29
BRH:20
end_of_record
TN:
SF:src\screens\OrderTrackingScreen.tsx
FN:21,ProgressIndicatorRow
FN:33,(anonymous_1)
FN:38,(anonymous_2)
FN:45,(anonymous_3)
FN:57,OrderTrackingScreen
FN:62,(anonymous_5)
FN:63,(anonymous_6)
FN:64,(anonymous_7)
FN:64,(anonymous_8)
FN:89,(anonymous_9)
FN:90,(anonymous_10)
FN:97,(anonymous_11)
FN:101,(anonymous_12)
FN:107,(anonymous_13)
FN:112,(anonymous_14)
FN:138,(anonymous_15)
FN:144,(anonymous_16)
FN:147,(anonymous_17)
FN:156,(anonymous_18)
FN:215,(anonymous_19)
FN:218,(anonymous_20)
FN:239,(anonymous_21)
FN:250,formatEta
FN:266,computeRiderPosition
FN:273,mapRemoteToLocal
FN:280,isValidPhone
FN:285,t
FNF:27
FNH:19
FNDA:19,ProgressIndicatorRow
FNDA:76,(anonymous_1)
FNDA:0,(anonymous_2)
FNDA:456,(anonymous_3)
FNDA:19,OrderTrackingScreen
FNDA:19,(anonymous_5)
FNDA:19,(anonymous_6)
FNDA:19,(anonymous_7)
FNDA:0,(anonymous_8)
FNDA:9,(anonymous_9)
FNDA:9,(anonymous_10)
FNDA:9,(anonymous_11)
FNDA:18,(anonymous_12)
FNDA:9,(anonymous_13)
FNDA:1,(anonymous_14)
FNDA:9,(anonymous_15)
FNDA:0,(anonymous_16)
FNDA:0,(anonymous_17)
FNDA:0,(anonymous_18)
FNDA:0,(anonymous_19)
FNDA:0,(anonymous_20)
FNDA:1,(anonymous_21)
FNDA:19,formatEta
FNDA:19,computeRiderPosition
FNDA:0,mapRemoteToLocal
FNDA:12,isValidPhone
FNDA:187,t
DA:21,2
DA:22,19
DA:23,19
DA:24,19
DA:30,19
DA:34,76
DA:38,0
DA:46,456
DA:58,19
DA:59,19
DA:60,19
DA:61,19
DA:62,19
DA:63,19
DA:64,19
DA:65,19
DA:66,19
DA:67,19
DA:68,19
DA:69,19
DA:70,19
DA:71,19
DA:72,19
DA:73,19
DA:74,19
DA:75,19
DA:76,19
DA:77,19
DA:78,19
DA:79,19
DA:81,19
DA:87,19
DA:89,19
DA:90,9
DA:91,9
DA:92,9
DA:93,9
DA:97,19
DA:98,9
DA:101,19
DA:102,18
DA:103,18
DA:104,18
DA:107,19
DA:108,9
DA:109,9
DA:110,9
DA:112,9
DA:113,1
DA:114,1
DA:115,1
DA:116,1
DA:117,1
DA:118,1
DA:119,0
DA:120,0
DA:121,0
DA:122,0
DA:123,0
DA:124,0
DA:125,0
DA:126,0
DA:128,0
DA:130,1
DA:131,1
DA:133,1
DA:134,1
DA:137,9
DA:138,9
DA:141,19
DA:144,0
DA:156,0
DA:215,0
DA:218,0
DA:239,1
DA:251,19
DA:252,19
DA:253,19
DA:254,19
DA:255,19
DA:256,19
DA:257,19
DA:258,19
DA:259,19
DA:260,19
DA:261,19
DA:262,19
DA:263,19
DA:267,19
DA:268,19
DA:269,19
DA:270,19
DA:274,0
DA:275,0
DA:276,0
DA:277,0
DA:281,12
DA:282,12
DA:286,187
DA:302,187
DA:305,2
LF:101
LH:83
BRDA:23,0,0,1
BRDA:23,0,1,18
BRDA:23,1,0,10
BRDA:23,1,1,8
BRDA:23,2,0,6
BRDA:23,2,1,2
BRDA:38,3,0,0
BRDA:38,3,1,76
BRDA:41,4,0,47
BRDA:41,4,1,29
BRDA:43,5,0,76
BRDA:43,5,1,57
BRDA:46,6,0,224
BRDA:46,6,1,232
BRDA:46,7,0,456
BRDA:46,7,1,456
BRDA:64,8,0,19
BRDA:64,8,1,0
BRDA:64,8,2,0
BRDA:65,9,0,19
BRDA:65,9,1,0
BRDA:87,10,0,1
BRDA:87,10,1,18
BRDA:87,11,0,10
BRDA:87,11,1,8
BRDA:87,12,0,6
BRDA:87,12,1,2
BRDA:91,13,0,0
BRDA:91,13,1,9
BRDA:91,14,0,6
BRDA:91,14,1,3
BRDA:91,15,0,2
BRDA:91,15,1,1
BRDA:92,16,0,7
BRDA:92,16,1,2
BRDA:92,17,0,9
BRDA:92,17,1,9
BRDA:98,18,0,0
BRDA:98,18,1,9
BRDA:98,19,0,9
BRDA:98,19,1,0
BRDA:108,20,0,0
BRDA:108,20,1,9
BRDA:113,21,0,0
BRDA:113,21,1,1
BRDA:118,22,0,1
BRDA:118,22,1,0
BRDA:122,23,0,0
BRDA:122,23,1,0
BRDA:123,24,0,0
BRDA:123,24,1,0
BRDA:124,25,0,0
BRDA:124,25,1,0
BRDA:125,26,0,0
BRDA:125,26,1,0
BRDA:173,27,0,19
BRDA:173,27,1,19
BRDA:194,28,0,19
BRDA:194,28,1,1
BRDA:195,29,0,1
BRDA:195,29,1,0
BRDA:197,30,0,19
BRDA:197,30,1,10
BRDA:199,31,0,10
BRDA:199,31,1,0
BRDA:203,32,0,19
BRDA:203,32,1,6
BRDA:215,33,0,0
BRDA:215,33,1,0
BRDA:215,34,0,0
BRDA:215,34,1,6
BRDA:218,35,0,0
BRDA:218,35,1,6
BRDA:224,36,0,19
BRDA:224,36,1,2
BRDA:227,37,0,19
BRDA:227,37,1,0
BRDA:230,38,0,19
BRDA:230,38,1,1
BRDA:251,39,0,0
BRDA:251,39,1,19
BRDA:255,40,0,6
BRDA:255,40,1,13
BRDA:257,41,0,19
BRDA:257,41,1,0
BRDA:261,42,0,19
BRDA:261,42,1,0
BRDA:267,43,0,1
BRDA:267,43,1,18
BRDA:267,44,0,10
BRDA:267,44,1,8
BRDA:267,45,0,6
BRDA:267,45,1,2
BRDA:274,46,0,0
BRDA:274,46,1,0
BRDA:275,47,0,0
BRDA:275,47,1,0
BRDA:276,48,0,0
BRDA:276,48,1,0
BRDA:281,49,0,0
BRDA:281,49,1,12
BRDA:302,50,0,187
BRDA:302,50,1,0
BRF:103
BRH:67
end_of_record
TN:
SF:src\screens\SavedScreen.tsx
FN:14,SavedScreen
FN:18,(anonymous_1)
FN:19,(anonymous_2)
FN:20,(anonymous_3)
FN:21,(anonymous_4)
FN:22,(anonymous_5)
FN:23,(anonymous_6)
FN:24,(anonymous_7)
FN:30,(anonymous_8)
FN:38,(anonymous_9)
FN:39,(anonymous_10)
FN:47,(anonymous_11)
FN:55,(anonymous_12)
FN:56,(anonymous_13)
FN:59,(anonymous_14)
FN:61,(anonymous_15)
FN:62,(anonymous_16)
FN:66,(anonymous_17)
FN:82,(anonymous_18)
FN:85,(anonymous_19)
FN:114,(anonymous_20)
FN:115,(anonymous_21)
FN:118,(anonymous_22)
FN:120,(anonymous_23)
FN:121,(anonymous_24)
FN:122,(anonymous_25)
FN:142,(anonymous_26)
FN:155,(anonymous_27)
FN:163,(anonymous_28)
FN:164,(anonymous_29)
FN:167,(anonymous_30)
FN:169,(anonymous_31)
FN:170,(anonymous_32)
FN:187,(anonymous_33)
FN:190,(anonymous_34)
FNF:35
FNH:29
FNDA:8,SavedScreen
FNDA:8,(anonymous_1)
FNDA:8,(anonymous_2)
FNDA:8,(anonymous_3)
FNDA:8,(anonymous_4)
FNDA:8,(anonymous_5)
FNDA:8,(anonymous_6)
FNDA:8,(anonymous_7)
FNDA:0,(anonymous_8)
FNDA:32,(anonymous_9)
FNDA:2,(anonymous_10)
FNDA:11,(anonymous_11)
FNDA:11,(anonymous_12)
FNDA:22,(anonymous_13)
FNDA:11,(anonymous_14)
FNDA:1,(anonymous_15)
FNDA:1,(anonymous_16)
FNDA:0,(anonymous_17)
FNDA:1,(anonymous_18)
FNDA:1,(anonymous_19)
FNDA:1,(anonymous_20)
FNDA:2,(anonymous_21)
FNDA:1,(anonymous_22)
FNDA:0,(anonymous_23)
FNDA:0,(anonymous_24)
FNDA:2,(anonymous_25)
FNDA:1,(anonymous_26)
FNDA:1,(anonymous_27)
FNDA:1,(anonymous_28)
FNDA:2,(anonymous_29)
FNDA:1,(anonymous_30)
FNDA:0,(anonymous_31)
FNDA:0,(anonymous_32)
FNDA:1,(anonymous_33)
FNDA:1,(anonymous_34)
DA:15,8
DA:16,8
DA:17,8
DA:18,8
DA:19,8
DA:20,8
DA:21,8
DA:22,8
DA:23,8
DA:24,8
DA:25,8
DA:26,8
DA:27,8
DA:30,0
DA:39,32
DA:47,11
DA:55,11
DA:56,22
DA:60,11
DA:61,11
DA:62,11
DA:63,11
DA:66,0
DA:82,1
DA:85,1
DA:114,1
DA:115,2
DA:119,1
DA:120,1
DA:121,1
DA:122,2
DA:123,1
DA:142,1
DA:155,1
DA:163,1
DA:164,2
DA:168,1
DA:169,1
DA:170,1
DA:171,1
DA:187,1
DA:190,1
DA:207,3
LF:43
LH:41
BRDA:26,0,0,8
BRDA:26,0,1,0
BRDA:40,1,0,8
BRDA:40,1,1,24
BRDA:40,2,0,8
BRDA:40,2,1,24
BRDA:46,3,0,8
BRDA:46,3,1,6
BRDA:47,4,0,0
BRDA:47,4,1,6
BRDA:58,5,0,6
BRDA:58,5,1,0
BRDA:72,6,0,0
BRDA:72,6,1,11
BRDA:97,7,0,8
BRDA:97,7,1,0
BRDA:105,8,0,8
BRDA:105,8,1,1
BRDA:106,9,0,0
BRDA:106,9,1,1
BRDA:117,10,0,1
BRDA:117,10,1,0
BRDA:154,11,0,8
BRDA:154,11,1,1
BRDA:155,12,0,0
BRDA:155,12,1,1
BRDA:166,13,0,1
BRDA:166,13,1,0
BRDA:184,14,0,1
BRDA:184,14,1,1
BRF:30
BRH:21
end_of_record
TN:
SF:src\screens\SendPackageScreen.tsx
FN:10,SendPackageScreen
FN:23,(anonymous_1)
FN:27,(anonymous_2)
FN:35,(anonymous_3)
FN:57,(anonymous_4)
FN:58,(anonymous_5)
FN:69,(anonymous_6)
FNF:7
FNH:5
FNDA:4,SendPackageScreen
FNDA:1,(anonymous_1)
FNDA:0,(anonymous_2)
FNDA:0,(anonymous_3)
FNDA:12,(anonymous_4)
FNDA:1,(anonymous_5)
FNDA:1,(anonymous_6)
DA:11,4
DA:12,4
DA:13,4
DA:14,4
DA:15,4
DA:16,4
DA:17,4
DA:18,4
DA:19,4
DA:20,4
DA:21,4
DA:23,4
DA:24,1
DA:25,1
DA:27,0
DA:28,0
DA:29,0
DA:32,4
DA:35,0
DA:58,12
DA:70,1
DA:71,1
DA:72,1
DA:73,0
DA:74,0
DA:84,1
LF:26
LH:20
BRDA:24,0,0,1
BRDA:24,0,1,0
BRDA:24,1,0,1
BRDA:24,1,1,0
BRDA:24,1,2,0
BRDA:24,1,3,0
BRDA:24,1,4,0
BRDA:24,1,5,0
BRDA:28,2,0,0
BRDA:28,2,1,0
BRDA:28,3,0,0
BRDA:28,3,1,0
BRDA:58,4,0,4
BRDA:58,4,1,8
BRDA:59,5,0,4
BRDA:59,5,1,8
BRDA:64,6,0,4
BRDA:64,6,1,1
BRDA:72,7,0,1
BRDA:72,7,1,0
BRF:20
BRH:9
end_of_record
TN:
SF:src\screens\SupportScreen.tsx
FN:12,(anonymous_0)
FN:22,SupportScreen
FN:28,(anonymous_2)
FN:47,(anonymous_3)
FNF:4
FNH:3
FNDA:3,(anonymous_0)
FNDA:1,SupportScreen
FNDA:0,(anonymous_2)
FNDA:1,(anonymous_3)
DA:12,1
DA:13,3
DA:14,3
DA:23,1
DA:24,1
DA:25,1
DA:28,0
DA:47,1
DA:65,1
LF:9
LH:8
BRF:0
BRH:0
end_of_record
TN:
SF:src\state\store.ts
FN:89,(anonymous_0)
FN:91,(anonymous_1)
FN:92,(anonymous_2)
FN:92,(anonymous_3)
FN:94,(anonymous_4)
FN:94,(anonymous_5)
FN:95,(anonymous_6)
FN:97,(anonymous_7)
FN:105,(anonymous_8)
FN:105,(anonymous_9)
FN:105,(anonymous_10)
FN:106,(anonymous_11)
FN:106,(anonymous_12)
FN:108,(anonymous_13)
FN:109,(anonymous_14)
FN:116,(anonymous_15)
FN:116,(anonymous_16)
FN:123,(anonymous_17)
FN:123,(anonymous_18)
FN:154,(anonymous_19)
FN:154,(anonymous_20)
FN:162,(anonymous_21)
FN:164,(anonymous_22)
FN:167,(anonymous_23)
FN:168,(anonymous_24)
FN:182,(anonymous_25)
FN:182,(anonymous_26)
FN:183,(anonymous_27)
FN:190,(anonymous_28)
FN:190,(anonymous_29)
FN:213,(anonymous_30)
FN:213,(anonymous_31)
FN:221,(anonymous_32)
FN:221,(anonymous_33)
FN:231,(anonymous_34)
FN:231,(anonymous_35)
FN:232,(anonymous_36)
FN:280,(anonymous_37)
FN:280,(anonymous_38)
FN:282,(anonymous_39)
FN:290,(anonymous_40)
FN:290,(anonymous_41)
FN:291,(anonymous_42)
FN:298,(anonymous_43)
FN:298,(anonymous_44)
FN:308,(anonymous_45)
FN:308,(anonymous_46)
FNF:47
FNH:1
FNDA:3,(anonymous_0)
FNDA:0,(anonymous_1)
FNDA:0,(anonymous_2)
FNDA:0,(anonymous_3)
FNDA:0,(anonymous_4)
FNDA:0,(anonymous_5)
FNDA:0,(anonymous_6)
FNDA:0,(anonymous_7)
FNDA:0,(anonymous_8)
FNDA:0,(anonymous_9)
FNDA:0,(anonymous_10)
FNDA:0,(anonymous_11)
FNDA:0,(anonymous_12)
FNDA:0,(anonymous_13)
FNDA:0,(anonymous_14)
FNDA:0,(anonymous_15)
FNDA:0,(anonymous_16)
FNDA:0,(anonymous_17)
FNDA:0,(anonymous_18)
FNDA:0,(anonymous_19)
FNDA:0,(anonymous_20)
FNDA:0,(anonymous_21)
FNDA:0,(anonymous_22)
FNDA:0,(anonymous_23)
FNDA:0,(anonymous_24)
FNDA:0,(anonymous_25)
FNDA:0,(anonymous_26)
FNDA:0,(anonymous_27)
FNDA:0,(anonymous_28)
FNDA:0,(anonymous_29)
FNDA:0,(anonymous_30)
FNDA:0,(anonymous_31)
FNDA:0,(anonymous_32)
FNDA:0,(anonymous_33)
FNDA:0,(anonymous_34)
FNDA:0,(anonymous_35)
FNDA:0,(anonymous_36)
FNDA:0,(anonymous_37)
FNDA:0,(anonymous_38)
FNDA:0,(anonymous_39)
FNDA:0,(anonymous_40)
FNDA:0,(anonymous_41)
FNDA:0,(anonymous_42)
FNDA:0,(anonymous_43)
FNDA:0,(anonymous_44)
FNDA:0,(anonymous_45)
FNDA:0,(anonymous_46)
DA:89,3
DA:91,0
DA:92,0
DA:94,0
DA:95,0
DA:96,0
DA:97,0
DA:99,0
DA:101,0
DA:103,0
DA:105,0
DA:106,0
DA:107,0
DA:108,0
DA:109,0
DA:110,0
DA:112,0
DA:114,0
DA:116,0
DA:117,0
DA:119,0
DA:121,0
DA:123,0
DA:124,0
DA:126,0
DA:127,0
DA:128,0
DA:131,0
DA:154,0
DA:155,0
DA:156,0
DA:158,0
DA:160,0
DA:163,0
DA:164,0
DA:165,0
DA:166,0
DA:167,0
DA:168,0
DA:169,0
DA:170,0
DA:171,0
DA:173,0
DA:174,0
DA:175,0
DA:178,0
DA:180,0
DA:182,0
DA:183,0
DA:184,0
DA:186,0
DA:188,0
DA:190,0
DA:191,0
DA:193,0
DA:194,0
DA:195,0
DA:198,0
DA:213,0
DA:214,0
DA:215,0
DA:217,0
DA:219,0
DA:221,0
DA:222,0
DA:224,0
DA:225,0
DA:226,0
DA:229,0
DA:231,0
DA:232,0
DA:233,0
DA:235,0
DA:237,0
DA:280,0
DA:281,0
DA:282,0
DA:284,0
DA:286,0
DA:288,0
DA:290,0
DA:291,0
DA:292,0
DA:294,0
DA:296,0
DA:298,0
DA:299,0
DA:301,0
DA:302,0
DA:303,0
DA:306,0
DA:308,0
DA:309,0
DA:311,0
DA:312,0
DA:313,0
DA:316,0
LF:97
LH:1
BRDA:92,0,0,0
BRDA:92,0,1,0
BRDA:96,1,0,0
BRDA:96,1,1,0
BRDA:97,2,0,0
BRDA:97,2,1,0
BRDA:97,3,0,0
BRDA:97,3,1,0
BRDA:98,4,0,0
BRDA:98,4,1,0
BRDA:101,5,0,0
BRDA:101,5,1,0
BRDA:108,6,0,0
BRDA:108,6,1,0
BRDA:109,7,0,0
BRDA:109,7,1,0
BRDA:112,8,0,0
BRDA:112,8,1,0
BRDA:119,9,0,0
BRDA:119,9,1,0
BRDA:126,10,0,0
BRDA:126,10,1,0
BRDA:128,11,0,0
BRDA:128,11,1,0
BRDA:158,12,0,0
BRDA:158,12,1,0
BRDA:168,13,0,0
BRDA:168,13,1,0
BRDA:173,14,0,0
BRDA:173,14,1,0
BRDA:183,15,0,0
BRDA:183,15,1,0
BRDA:186,16,0,0
BRDA:186,16,1,0
BRDA:193,17,0,0
BRDA:193,17,1,0
BRDA:195,18,0,0
BRDA:195,18,1,0
BRDA:217,19,0,0
BRDA:217,19,1,0
BRDA:224,20,0,0
BRDA:224,20,1,0
BRDA:226,21,0,0
BRDA:226,21,1,0
BRDA:232,22,0,0
BRDA:232,22,1,0
BRDA:235,23,0,0
BRDA:235,23,1,0
BRDA:281,24,0,0
BRDA:281,24,1,0
BRDA:286,25,0,0
BRDA:286,25,1,0
BRDA:291,26,0,0
BRDA:291,26,1,0
BRDA:294,27,0,0
BRDA:294,27,1,0
BRDA:301,28,0,0
BRDA:301,28,1,0
BRDA:303,29,0,0
BRDA:303,29,1,0
BRDA:311,30,0,0
BRDA:311,30,1,0
BRDA:313,31,0,0
BRDA:313,31,1,0
BRF:64
BRH:0
end_of_record
TN:
SF:src\theme\colors.ts
FNF:0
FNH:0
DA:1,14
LF:1
LH:1
BRF:0
BRH:0
end_of_record
TN:
SF:src\theme\index.ts
FNF:0
FNH:0
DA:14,14
DA:21,14
LF:2
LH:2
BRF:0
BRH:0
end_of_record
TN:
SF:src\theme\spacing.ts
FNF:0
FNH:0
DA:1,14
LF:1
LH:1
BRF:0
BRH:0
end_of_record
TN:
SF:src\theme\typography.ts
FNF:0
FNH:0
DA:1,14
LF:1
LH:1
BRF:0
BRH:0
end_of_record
